{"/home/dariel/Desktop/code-chanllenges/immfly/api-playground/src/app.ts":{"path":"/home/dariel/Desktop/code-chanllenges/immfly/api-playground/src/app.ts","statementMap":{"0":{"start":{"line":2,"column":22},"end":{"line":4,"column":1}},"1":{"start":{"line":3,"column":4},"end":{"line":3,"column":62}},"2":{"start":{"line":5,"column":0},"end":{"line":5,"column":62}},"3":{"start":{"line":6,"column":0},"end":{"line":6,"column":25}},"4":{"start":{"line":7,"column":0},"end":{"line":7,"column":28}},"5":{"start":{"line":8,"column":18},"end":{"line":8,"column":53}},"6":{"start":{"line":9,"column":15},"end":{"line":9,"column":47}},"7":{"start":{"line":10,"column":17},"end":{"line":10,"column":51}},"8":{"start":{"line":11,"column":17},"end":{"line":11,"column":53}},"9":{"start":{"line":12,"column":17},"end":{"line":12,"column":53}},"10":{"start":{"line":16,"column":13},"end":{"line":16,"column":41}},"11":{"start":{"line":17,"column":13},"end":{"line":17,"column":41}},"12":{"start":{"line":18,"column":12},"end":{"line":18,"column":31}},"13":{"start":{"line":22,"column":0},"end":{"line":22,"column":26}},"14":{"start":{"line":23,"column":0},"end":{"line":23,"column":34}},"15":{"start":{"line":27,"column":0},"end":{"line":27,"column":22}},"16":{"start":{"line":31,"column":0},"end":{"line":33,"column":3}},"17":{"start":{"line":32,"column":4},"end":{"line":32,"column":72}},"18":{"start":{"line":34,"column":0},"end":{"line":34,"column":22}}},"fnMap":{"0":{"name":"(anonymous_0)","decl":{"start":{"line":2,"column":56},"end":{"line":2,"column":57}},"loc":{"start":{"line":2,"column":71},"end":{"line":4,"column":1}},"line":2},"1":{"name":"(anonymous_1)","decl":{"start":{"line":31,"column":23},"end":{"line":31,"column":24}},"loc":{"start":{"line":31,"column":29},"end":{"line":33,"column":1}},"line":31}},"branchMap":{"0":{"loc":{"start":{"line":2,"column":22},"end":{"line":4,"column":1}},"type":"binary-expr","locations":[{"start":{"line":2,"column":23},"end":{"line":2,"column":27}},{"start":{"line":2,"column":31},"end":{"line":2,"column":51}},{"start":{"line":2,"column":56},"end":{"line":4,"column":1}}],"line":2},"1":{"loc":{"start":{"line":3,"column":11},"end":{"line":3,"column":61}},"type":"cond-expr","locations":[{"start":{"line":3,"column":37},"end":{"line":3,"column":40}},{"start":{"line":3,"column":43},"end":{"line":3,"column":61}}],"line":3},"2":{"loc":{"start":{"line":3,"column":12},"end":{"line":3,"column":33}},"type":"binary-expr","locations":[{"start":{"line":3,"column":12},"end":{"line":3,"column":15}},{"start":{"line":3,"column":19},"end":{"line":3,"column":33}}],"line":3}},"s":{"0":1,"1":5,"2":1,"3":1,"4":1,"5":1,"6":1,"7":1,"8":1,"9":1,"10":1,"11":1,"12":1,"13":1,"14":1,"15":1,"16":1,"17":1,"18":1},"f":{"0":5,"1":1},"b":{"0":[1,1,1],"1":[2,3],"2":[5,5]},"inputSourceMap":{"version":3,"file":"/home/dariel/Desktop/code-chanllenges/immfly/api-playground/src/app.ts","sources":["/home/dariel/Desktop/code-chanllenges/immfly/api-playground/src/app.ts"],"names":[],"mappings":";;;;;AAAA,yBAAuB;AAEvB,4BAA0B;AAE1B,sDAA8B;AAC9B,gDAAwB;AACxB,oDAA4B;AAC5B,sDAA2B;AAE3B,sDAA8B;AAG9B;;GAEG;AACH,MAAM,IAAI,GAAW,gBAAM,CAAC,GAAG,CAAC,MAAM,CAAW,CAAC;AAClD,MAAM,IAAI,GAAW,gBAAM,CAAC,GAAG,CAAC,MAAM,CAAW,CAAC;AAElD,MAAM,GAAG,GAAG,iBAAO,EAAE,CAAC;AAGtB;;GAEG;AACH,GAAG,CAAC,GAAG,CAAC,cAAI,EAAE,CAAC,CAAC;AAChB,GAAG,CAAC,GAAG,CAAC,iBAAO,CAAC,IAAI,EAAE,CAAC,CAAC;AAGxB;;GAEG;AACF,gBAAM,CAAC,GAAG,CAAC,CAAC;AAGb;;GAEG;AACH,GAAG,CAAC,MAAM,CAAC,IAAI,EAAE,IAAI,EAAE,GAAG,EAAE;IACxB,gBAAG,CAAC,IAAI,CAAC,8BAA8B,IAAI,IAAI,IAAI,EAAE,CAAC,CAAC;AAC3D,CAAC,CAAC,CAAC;AAEH,kBAAe,GAAG,CAAC","sourcesContent":["import 'dotenv/config';\n\nimport 'reflect-metadata';\n\nimport express from 'express';\nimport cors from 'cors';\nimport config from 'config';\nimport log from './logger';\n\nimport routes from './routes';\n\n\n/**\n * Variables\n */\nconst host: string = config.get('host') as string;\nconst port: number = config.get('port') as number;\n\nconst app = express();\n\n\n/**\n * Middlewares\n */\napp.use(cors());\napp.use(express.json());\n\n\n/**\n * Routes\n */\n routes(app);\n\n\n/**\n * Server activation\n */\napp.listen(port, host, () => {\n    log.info(`Server listening at http://${host}:${port}`);\n});\n\nexport default app;"]},"_coverageSchema":"1a1c01bbd47fc00a2c39e90264f33305004495a9","hash":"a674f9601f590dd66ba470d16a79c405b4199d09","contentHash":"d272c834832bb568c12c80c11fca31b2417b887141fcbdb3aebb4a8914bf0b39"},"/home/dariel/Desktop/code-chanllenges/immfly/api-playground/config/default.ts":{"path":"/home/dariel/Desktop/code-chanllenges/immfly/api-playground/config/default.ts","statementMap":{"0":{"start":{"line":3,"column":0},"end":{"line":3,"column":62}},"1":{"start":{"line":4,"column":0},"end":{"line":9,"column":2}}},"fnMap":{},"branchMap":{"0":{"loc":{"start":{"line":5,"column":10},"end":{"line":5,"column":41}},"type":"binary-expr","locations":[{"start":{"line":5,"column":10},"end":{"line":5,"column":26}},{"start":{"line":5,"column":30},"end":{"line":5,"column":41}}],"line":5},"1":{"loc":{"start":{"line":6,"column":10},"end":{"line":6,"column":48}},"type":"binary-expr","locations":[{"start":{"line":6,"column":10},"end":{"line":6,"column":40}},{"start":{"line":6,"column":44},"end":{"line":6,"column":48}}],"line":6},"2":{"loc":{"start":{"line":7,"column":17},"end":{"line":7,"column":137}},"type":"binary-expr","locations":[{"start":{"line":7,"column":18},"end":{"line":7,"column":100}},{"start":{"line":7,"column":105},"end":{"line":7,"column":137}}],"line":7},"3":{"loc":{"start":{"line":7,"column":18},"end":{"line":7,"column":100}},"type":"cond-expr","locations":[{"start":{"line":7,"column":78},"end":{"line":7,"column":84}},{"start":{"line":7,"column":87},"end":{"line":7,"column":100}}],"line":7},"4":{"loc":{"start":{"line":7,"column":18},"end":{"line":7,"column":75}},"type":"binary-expr","locations":[{"start":{"line":7,"column":18},"end":{"line":7,"column":58}},{"start":{"line":7,"column":62},"end":{"line":7,"column":75}}],"line":7}},"s":{"0":1,"1":1},"f":{},"b":{"0":[1,1],"1":[1,1],"2":[1,0],"3":[0,1],"4":[1,1]},"inputSourceMap":{"version":3,"file":"/home/dariel/Desktop/code-chanllenges/immfly/api-playground/config/default.ts","sources":["/home/dariel/Desktop/code-chanllenges/immfly/api-playground/config/default.ts"],"names":[],"mappings":";;;AAAA,kBAAe;IACX,IAAI,EAAE,OAAO,CAAC,GAAG,CAAC,IAAI,IAAI,WAAW;IACrC,IAAI,EAAE,QAAQ,CAAS,OAAO,CAAC,GAAG,CAAC,IAAI,EAAE,EAAE,CAAC,IAAI,IAAI;IACpD,WAAW,EAAE,CAAA,MAAA,OAAO,CAAC,GAAG,CAAC,YAAY,0CAAE,KAAK,CAAC,GAAG,CAAC,KAAI,CAAC,MAAM,EAAE,KAAK,EAAE,KAAK,EAAE,QAAQ,CAAC;IACrF,eAAe,EAAE,mDAAmD;CACvE,CAAA","sourcesContent":["export default {\n    host: process.env.HOST || 'localhost',\n    port: parseInt(<string>process.env.PORT, 10) || 3001,\n    simpleArray: process.env.SIMPLE_ARRAY?.split(',') || ['post', 'get', 'put', 'delete'],\n    countriesApiUri: 'https://api.jsonbin.io/b/5f69afbe65b18913fc510ce8'\n}"]},"_coverageSchema":"1a1c01bbd47fc00a2c39e90264f33305004495a9","hash":"4fb05347eeb08d9c50625be60253663c56cf6e91","contentHash":"05c4113579559a4ee003b756fdac9386c55d651634cadf79c9125192abc70625"},"/home/dariel/Desktop/code-chanllenges/immfly/api-playground/src/logger/index.ts":{"path":"/home/dariel/Desktop/code-chanllenges/immfly/api-playground/src/logger/index.ts","statementMap":{"0":{"start":{"line":2,"column":22},"end":{"line":4,"column":1}},"1":{"start":{"line":3,"column":4},"end":{"line":3,"column":62}},"2":{"start":{"line":5,"column":0},"end":{"line":5,"column":62}},"3":{"start":{"line":6,"column":15},"end":{"line":6,"column":47}},"4":{"start":{"line":7,"column":16},"end":{"line":7,"column":49}},"5":{"start":{"line":8,"column":12},"end":{"line":14,"column":2}},"6":{"start":{"line":13,"column":21},"end":{"line":13,"column":62}},"7":{"start":{"line":15,"column":0},"end":{"line":15,"column":22}}},"fnMap":{"0":{"name":"(anonymous_0)","decl":{"start":{"line":2,"column":56},"end":{"line":2,"column":57}},"loc":{"start":{"line":2,"column":71},"end":{"line":4,"column":1}},"line":2},"1":{"name":"(anonymous_1)","decl":{"start":{"line":13,"column":15},"end":{"line":13,"column":16}},"loc":{"start":{"line":13,"column":21},"end":{"line":13,"column":62}},"line":13}},"branchMap":{"0":{"loc":{"start":{"line":2,"column":22},"end":{"line":4,"column":1}},"type":"binary-expr","locations":[{"start":{"line":2,"column":23},"end":{"line":2,"column":27}},{"start":{"line":2,"column":31},"end":{"line":2,"column":51}},{"start":{"line":2,"column":56},"end":{"line":4,"column":1}}],"line":2},"1":{"loc":{"start":{"line":3,"column":11},"end":{"line":3,"column":61}},"type":"cond-expr","locations":[{"start":{"line":3,"column":37},"end":{"line":3,"column":40}},{"start":{"line":3,"column":43},"end":{"line":3,"column":61}}],"line":3},"2":{"loc":{"start":{"line":3,"column":12},"end":{"line":3,"column":33}},"type":"binary-expr","locations":[{"start":{"line":3,"column":12},"end":{"line":3,"column":15}},{"start":{"line":3,"column":19},"end":{"line":3,"column":33}}],"line":3}},"s":{"0":1,"1":2,"2":1,"3":1,"4":1,"5":1,"6":7,"7":1},"f":{"0":2,"1":7},"b":{"0":[1,1,1],"1":[0,2],"2":[2,2]},"inputSourceMap":{"version":3,"file":"/home/dariel/Desktop/code-chanllenges/immfly/api-playground/src/logger/index.ts","sources":["/home/dariel/Desktop/code-chanllenges/immfly/api-playground/src/logger/index.ts"],"names":[],"mappings":";;;;;AAAA,gDAA0B;AAC1B,kDAA0B;AAE1B,MAAM,GAAG,GAAG,cAAM,CAAC;IACf,WAAW,EAAE,IAAI;IACjB,IAAI,EAAE;QACF,GAAG,EAAE,KAAK;KACb;IACD,SAAS,EAAE,GAAG,EAAE,CAAC,YAAY,eAAK,EAAE,CAAC,MAAM,EAAE,GAAG;CACnD,CAAC,CAAC;AAEH,kBAAe,GAAG,CAAC","sourcesContent":["import logger from 'pino';\nimport dayjs from 'dayjs';\n\nconst log = logger({\n    prettyPrint: true,\n    base: {\n        pid: false\n    },\n    timestamp: () => `,\"time\":\"${dayjs().format()}\"`\n});\n\nexport default log;"]},"_coverageSchema":"1a1c01bbd47fc00a2c39e90264f33305004495a9","hash":"76c748024e3b5c5d87e215a09f920b3c71c06407","contentHash":"61335ae9a68ef709090dcd57d9dc5539d4a1b0a36ed5efb952aefab35155c370"},"/home/dariel/Desktop/code-chanllenges/immfly/api-playground/src/routes/index.ts":{"path":"/home/dariel/Desktop/code-chanllenges/immfly/api-playground/src/routes/index.ts","statementMap":{"0":{"start":{"line":2,"column":22},"end":{"line":4,"column":1}},"1":{"start":{"line":3,"column":4},"end":{"line":3,"column":62}},"2":{"start":{"line":5,"column":0},"end":{"line":5,"column":62}},"3":{"start":{"line":6,"column":27},"end":{"line":6,"column":73}},"4":{"start":{"line":7,"column":25},"end":{"line":7,"column":69}},"5":{"start":{"line":8,"column":32},"end":{"line":8,"column":83}},"6":{"start":{"line":9,"column":15},"end":{"line":13,"column":1}},"7":{"start":{"line":10,"column":4},"end":{"line":10,"column":54}},"8":{"start":{"line":11,"column":4},"end":{"line":11,"column":50}},"9":{"start":{"line":12,"column":4},"end":{"line":12,"column":56}},"10":{"start":{"line":14,"column":0},"end":{"line":14,"column":25}}},"fnMap":{"0":{"name":"(anonymous_0)","decl":{"start":{"line":2,"column":56},"end":{"line":2,"column":57}},"loc":{"start":{"line":2,"column":71},"end":{"line":4,"column":1}},"line":2},"1":{"name":"(anonymous_1)","decl":{"start":{"line":9,"column":15},"end":{"line":9,"column":16}},"loc":{"start":{"line":9,"column":24},"end":{"line":13,"column":1}},"line":9}},"branchMap":{"0":{"loc":{"start":{"line":2,"column":22},"end":{"line":4,"column":1}},"type":"binary-expr","locations":[{"start":{"line":2,"column":23},"end":{"line":2,"column":27}},{"start":{"line":2,"column":31},"end":{"line":2,"column":51}},{"start":{"line":2,"column":56},"end":{"line":4,"column":1}}],"line":2},"1":{"loc":{"start":{"line":3,"column":11},"end":{"line":3,"column":61}},"type":"cond-expr","locations":[{"start":{"line":3,"column":37},"end":{"line":3,"column":40}},{"start":{"line":3,"column":43},"end":{"line":3,"column":61}}],"line":3},"2":{"loc":{"start":{"line":3,"column":12},"end":{"line":3,"column":33}},"type":"binary-expr","locations":[{"start":{"line":3,"column":12},"end":{"line":3,"column":15}},{"start":{"line":3,"column":19},"end":{"line":3,"column":33}}],"line":3}},"s":{"0":1,"1":3,"2":1,"3":1,"4":1,"5":1,"6":1,"7":1,"8":1,"9":1,"10":1},"f":{"0":3,"1":1},"b":{"0":[1,1,1],"1":[3,0],"2":[3,3]},"inputSourceMap":{"version":3,"file":"/home/dariel/Desktop/code-chanllenges/immfly/api-playground/src/routes/index.ts","sources":["/home/dariel/Desktop/code-chanllenges/immfly/api-playground/src/routes/index.ts"],"names":[],"mappings":";;;;;AACA,0EAAiD;AACjD,sEAA6C;AAC7C,oFAA0D;AAE1D,MAAM,MAAM,GAAG,CAAC,GAAY,EAAE,EAAE;IAE5B,GAAG,CAAC,GAAG,CAAC,YAAY,EAAE,0BAAe,CAAC,CAAC;IAEvC,GAAG,CAAC,GAAG,CAAC,UAAU,EAAE,wBAAa,CAAC,CAAC;IAEnC,GAAG,CAAC,GAAG,CAAC,SAAS,EAAE,+BAAmB,CAAC,CAAC;AAE5C,CAAC,CAAC;AAEF,kBAAe,MAAM,CAAC","sourcesContent":["import { Express } from 'express';\nimport countriesRoutes from './countries.routes';\nimport reverseRoutes from './reverse.routes';\nimport apiOperationsRoutes from './api-operations.routes';\n\nconst routes = (app: Express) => {\n\n    app.use('/countries', countriesRoutes);\n\n    app.use('/reverse', reverseRoutes);\n\n    app.use('/append', apiOperationsRoutes);\n\n};\n\nexport default routes;"]},"_coverageSchema":"1a1c01bbd47fc00a2c39e90264f33305004495a9","hash":"a9c14f9c5389727813972e90423d2092cab2d5a4","contentHash":"1e52a853520eb8daa6a652aca59b33b827d91b5558131c69fd694f9a0acf6120"},"/home/dariel/Desktop/code-chanllenges/immfly/api-playground/src/routes/countries.routes.ts":{"path":"/home/dariel/Desktop/code-chanllenges/immfly/api-playground/src/routes/countries.routes.ts","statementMap":{"0":{"start":{"line":2,"column":22},"end":{"line":4,"column":1}},"1":{"start":{"line":3,"column":4},"end":{"line":3,"column":62}},"2":{"start":{"line":5,"column":0},"end":{"line":5,"column":62}},"3":{"start":{"line":6,"column":18},"end":{"line":6,"column":36}},"4":{"start":{"line":7,"column":17},"end":{"line":7,"column":51}},"5":{"start":{"line":8,"column":31},"end":{"line":8,"column":94}},"6":{"start":{"line":11,"column":8},"end":{"line":11,"column":41}},"7":{"start":{"line":12,"column":8},"end":{"line":12,"column":79}},"8":{"start":{"line":13,"column":8},"end":{"line":13,"column":25}},"9":{"start":{"line":16,"column":8},"end":{"line":16,"column":83}},"10":{"start":{"line":16,"column":43},"end":{"line":16,"column":81}},"11":{"start":{"line":19,"column":8},"end":{"line":19,"column":27}},"12":{"start":{"line":22,"column":15},"end":{"line":22,"column":27}},"13":{"start":{"line":23,"column":0},"end":{"line":23,"column":37}}},"fnMap":{"0":{"name":"(anonymous_0)","decl":{"start":{"line":2,"column":56},"end":{"line":2,"column":57}},"loc":{"start":{"line":2,"column":71},"end":{"line":4,"column":1}},"line":2},"1":{"name":"(anonymous_1)","decl":{"start":{"line":10,"column":4},"end":{"line":10,"column":5}},"loc":{"start":{"line":10,"column":18},"end":{"line":14,"column":5}},"line":10},"2":{"name":"(anonymous_2)","decl":{"start":{"line":15,"column":4},"end":{"line":15,"column":5}},"loc":{"start":{"line":15,"column":16},"end":{"line":17,"column":5}},"line":15},"3":{"name":"(anonymous_3)","decl":{"start":{"line":16,"column":29},"end":{"line":16,"column":30}},"loc":{"start":{"line":16,"column":43},"end":{"line":16,"column":81}},"line":16},"4":{"name":"(anonymous_4)","decl":{"start":{"line":18,"column":4},"end":{"line":18,"column":5}},"loc":{"start":{"line":18,"column":16},"end":{"line":20,"column":5}},"line":18}},"branchMap":{"0":{"loc":{"start":{"line":2,"column":22},"end":{"line":4,"column":1}},"type":"binary-expr","locations":[{"start":{"line":2,"column":23},"end":{"line":2,"column":27}},{"start":{"line":2,"column":31},"end":{"line":2,"column":51}},{"start":{"line":2,"column":56},"end":{"line":4,"column":1}}],"line":2},"1":{"loc":{"start":{"line":3,"column":11},"end":{"line":3,"column":61}},"type":"cond-expr","locations":[{"start":{"line":3,"column":37},"end":{"line":3,"column":40}},{"start":{"line":3,"column":43},"end":{"line":3,"column":61}}],"line":3},"2":{"loc":{"start":{"line":3,"column":12},"end":{"line":3,"column":33}},"type":"binary-expr","locations":[{"start":{"line":3,"column":12},"end":{"line":3,"column":15}},{"start":{"line":3,"column":19},"end":{"line":3,"column":33}}],"line":3}},"s":{"0":1,"1":2,"2":1,"3":1,"4":1,"5":1,"6":1,"7":1,"8":1,"9":1,"10":6,"11":1,"12":1,"13":1},"f":{"0":2,"1":1,"2":1,"3":6,"4":1},"b":{"0":[1,1,1],"1":[2,0],"2":[2,2]},"inputSourceMap":{"version":3,"file":"/home/dariel/Desktop/code-chanllenges/immfly/api-playground/src/routes/countries.routes.ts","sources":["/home/dariel/Desktop/code-chanllenges/immfly/api-playground/src/routes/countries.routes.ts"],"names":[],"mappings":";;;;;AAAA,qCAAiC;AACjC,oDAA+B;AAC/B,+FAAoE;AAEpE,MAAM,MAAM;IAMR;QAJQ,WAAM,GAAW,gBAAM,EAAE,CAAC;QAE1B,eAAU,GAAsB,gBAAS,CAAC,GAAG,CAAC,8BAAiB,CAAC,CAAC;QAGrE,IAAI,CAAC,SAAS,EAAE,CAAC;IACrB,CAAC;IAEM,SAAS;QACZ,IAAI,CAAC,MAAM,CAAC,GAAG,CAAC,GAAG,EAAE,CAAC,GAAG,EAAE,GAAG,EAAE,EAAE,CAAC,IAAI,CAAC,UAAU,CAAC,YAAY,CAAC,GAAG,EAAE,GAAG,CAAC,CAAC,CAAC;IAC/E,CAAC;IAEM,SAAS;QACZ,OAAO,IAAI,CAAC,MAAM,CAAC;IACvB,CAAC;CACJ;AAED,MAAM,MAAM,GAAG,IAAI,MAAM,EAAE,CAAA;AAC3B,kBAAe,MAAM,CAAC,SAAS,EAAE,CAAC","sourcesContent":["import { Router } from \"express\";\nimport Container from \"typedi\";\nimport CountryController from \"../controllers/countries.controller\";\n\nclass Routes {\n\n    private router: Router = Router();\n\n    private controller: CountryController = Container.get(CountryController);\n\n    constructor() {\n        this.setRoutes();\n    }\n\n    public setRoutes(): void {\n        this.router.get('/', (req, res) => this.controller.getCountries(req, res));\n    }\n\n    public getRoutes(): Router {\n        return this.router;\n    }\n}\n\nconst routes = new Routes()\nexport default routes.getRoutes();\n"]},"_coverageSchema":"1a1c01bbd47fc00a2c39e90264f33305004495a9","hash":"bc10b8b78f29b7b68dae19ef4aadc4ec99c72bdc","contentHash":"dd83e7b749d4100ea169464f064716d9bf8ab8fb02dd03bfa51efb67181f4418"},"/home/dariel/Desktop/code-chanllenges/immfly/api-playground/src/controllers/countries.controller.ts":{"path":"/home/dariel/Desktop/code-chanllenges/immfly/api-playground/src/controllers/countries.controller.ts","statementMap":{"0":{"start":{"line":2,"column":17},"end":{"line":7,"column":1}},"1":{"start":{"line":3,"column":12},"end":{"line":3,"column":28}},"2":{"start":{"line":3,"column":34},"end":{"line":3,"column":125}},"3":{"start":{"line":4,"column":4},"end":{"line":5,"column":150}},"4":{"start":{"line":4,"column":79},"end":{"line":4,"column":131}},"5":{"start":{"line":5,"column":9},"end":{"line":5,"column":150}},"6":{"start":{"line":5,"column":22},"end":{"line":5,"column":43}},"7":{"start":{"line":5,"column":58},"end":{"line":5,"column":150}},"8":{"start":{"line":5,"column":81},"end":{"line":5,"column":150}},"9":{"start":{"line":6,"column":4},"end":{"line":6,"column":66}},"10":{"start":{"line":8,"column":17},"end":{"line":10,"column":1}},"11":{"start":{"line":9,"column":4},"end":{"line":9,"column":109}},"12":{"start":{"line":9,"column":79},"end":{"line":9,"column":109}},"13":{"start":{"line":11,"column":22},"end":{"line":13,"column":1}},"14":{"start":{"line":12,"column":4},"end":{"line":12,"column":62}},"15":{"start":{"line":14,"column":0},"end":{"line":14,"column":62}},"16":{"start":{"line":15,"column":17},"end":{"line":15,"column":34}},"17":{"start":{"line":16,"column":28},"end":{"line":16,"column":85}},"18":{"start":{"line":17,"column":27},"end":{"line":17,"column":64}},"19":{"start":{"line":18,"column":17},"end":{"line":18,"column":54}},"20":{"start":{"line":19,"column":24},"end":{"line":41,"column":1}},"21":{"start":{"line":21,"column":8},"end":{"line":21,"column":45}},"22":{"start":{"line":24,"column":8},"end":{"line":39,"column":9}},"23":{"start":{"line":25,"column":38},"end":{"line":25,"column":47}},"24":{"start":{"line":26,"column":12},"end":{"line":28,"column":43}},"25":{"start":{"line":28,"column":16},"end":{"line":28,"column":43}},"26":{"start":{"line":29,"column":32},"end":{"line":32,"column":13}},"27":{"start":{"line":33,"column":30},"end":{"line":33,"column":81}},"28":{"start":{"line":34,"column":12},"end":{"line":34,"column":61}},"29":{"start":{"line":37,"column":12},"end":{"line":37,"column":42}},"30":{"start":{"line":38,"column":12},"end":{"line":38,"column":39}},"31":{"start":{"line":42,"column":0},"end":{"line":45,"column":22}},"32":{"start":{"line":46,"column":0},"end":{"line":46,"column":36}}},"fnMap":{"0":{"name":"(anonymous_0)","decl":{"start":{"line":2,"column":46},"end":{"line":2,"column":47}},"loc":{"start":{"line":2,"column":87},"end":{"line":7,"column":1}},"line":2},"1":{"name":"(anonymous_1)","decl":{"start":{"line":8,"column":46},"end":{"line":8,"column":47}},"loc":{"start":{"line":8,"column":62},"end":{"line":10,"column":1}},"line":8},"2":{"name":"(anonymous_2)","decl":{"start":{"line":11,"column":56},"end":{"line":11,"column":57}},"loc":{"start":{"line":11,"column":71},"end":{"line":13,"column":1}},"line":11},"3":{"name":"(anonymous_3)","decl":{"start":{"line":20,"column":4},"end":{"line":20,"column":5}},"loc":{"start":{"line":20,"column":32},"end":{"line":22,"column":5}},"line":20},"4":{"name":"(anonymous_4)","decl":{"start":{"line":23,"column":4},"end":{"line":23,"column":5}},"loc":{"start":{"line":23,"column":33},"end":{"line":40,"column":5}},"line":23}},"branchMap":{"0":{"loc":{"start":{"line":2,"column":17},"end":{"line":7,"column":1}},"type":"binary-expr","locations":[{"start":{"line":2,"column":18},"end":{"line":2,"column":22}},{"start":{"line":2,"column":26},"end":{"line":2,"column":41}},{"start":{"line":2,"column":46},"end":{"line":7,"column":1}}],"line":2},"1":{"loc":{"start":{"line":3,"column":34},"end":{"line":3,"column":125}},"type":"cond-expr","locations":[{"start":{"line":3,"column":42},"end":{"line":3,"column":48}},{"start":{"line":3,"column":51},"end":{"line":3,"column":125}}],"line":3},"2":{"loc":{"start":{"line":3,"column":51},"end":{"line":3,"column":125}},"type":"cond-expr","locations":[{"start":{"line":3,"column":67},"end":{"line":3,"column":118}},{"start":{"line":3,"column":121},"end":{"line":3,"column":125}}],"line":3},"3":{"loc":{"start":{"line":4,"column":4},"end":{"line":5,"column":150}},"type":"if","locations":[{"start":{"line":4,"column":4},"end":{"line":5,"column":150}},{"start":{"line":4,"column":4},"end":{"line":5,"column":150}}],"line":4},"4":{"loc":{"start":{"line":4,"column":8},"end":{"line":4,"column":77}},"type":"binary-expr","locations":[{"start":{"line":4,"column":8},"end":{"line":4,"column":35}},{"start":{"line":4,"column":39},"end":{"line":4,"column":77}}],"line":4},"5":{"loc":{"start":{"line":5,"column":58},"end":{"line":5,"column":150}},"type":"if","locations":[{"start":{"line":5,"column":58},"end":{"line":5,"column":150}},{"start":{"line":5,"column":58},"end":{"line":5,"column":150}}],"line":5},"6":{"loc":{"start":{"line":5,"column":85},"end":{"line":5,"column":149}},"type":"binary-expr","locations":[{"start":{"line":5,"column":86},"end":{"line":5,"column":143}},{"start":{"line":5,"column":148},"end":{"line":5,"column":149}}],"line":5},"7":{"loc":{"start":{"line":5,"column":86},"end":{"line":5,"column":143}},"type":"cond-expr","locations":[{"start":{"line":5,"column":94},"end":{"line":5,"column":98}},{"start":{"line":5,"column":101},"end":{"line":5,"column":143}}],"line":5},"8":{"loc":{"start":{"line":5,"column":101},"end":{"line":5,"column":143}},"type":"cond-expr","locations":[{"start":{"line":5,"column":109},"end":{"line":5,"column":126}},{"start":{"line":5,"column":129},"end":{"line":5,"column":143}}],"line":5},"9":{"loc":{"start":{"line":6,"column":11},"end":{"line":6,"column":62}},"type":"binary-expr","locations":[{"start":{"line":6,"column":11},"end":{"line":6,"column":16}},{"start":{"line":6,"column":20},"end":{"line":6,"column":21}},{"start":{"line":6,"column":25},"end":{"line":6,"column":62}}],"line":6},"10":{"loc":{"start":{"line":8,"column":17},"end":{"line":10,"column":1}},"type":"binary-expr","locations":[{"start":{"line":8,"column":18},"end":{"line":8,"column":22}},{"start":{"line":8,"column":26},"end":{"line":8,"column":41}},{"start":{"line":8,"column":46},"end":{"line":10,"column":1}}],"line":8},"11":{"loc":{"start":{"line":9,"column":4},"end":{"line":9,"column":109}},"type":"if","locations":[{"start":{"line":9,"column":4},"end":{"line":9,"column":109}},{"start":{"line":9,"column":4},"end":{"line":9,"column":109}}],"line":9},"12":{"loc":{"start":{"line":9,"column":8},"end":{"line":9,"column":77}},"type":"binary-expr","locations":[{"start":{"line":9,"column":8},"end":{"line":9,"column":35}},{"start":{"line":9,"column":39},"end":{"line":9,"column":77}}],"line":9},"13":{"loc":{"start":{"line":11,"column":22},"end":{"line":13,"column":1}},"type":"binary-expr","locations":[{"start":{"line":11,"column":23},"end":{"line":11,"column":27}},{"start":{"line":11,"column":31},"end":{"line":11,"column":51}},{"start":{"line":11,"column":56},"end":{"line":13,"column":1}}],"line":11},"14":{"loc":{"start":{"line":12,"column":11},"end":{"line":12,"column":61}},"type":"cond-expr","locations":[{"start":{"line":12,"column":37},"end":{"line":12,"column":40}},{"start":{"line":12,"column":43},"end":{"line":12,"column":61}}],"line":12},"15":{"loc":{"start":{"line":12,"column":12},"end":{"line":12,"column":33}},"type":"binary-expr","locations":[{"start":{"line":12,"column":12},"end":{"line":12,"column":15}},{"start":{"line":12,"column":19},"end":{"line":12,"column":33}}],"line":12},"16":{"loc":{"start":{"line":26,"column":12},"end":{"line":28,"column":43}},"type":"if","locations":[{"start":{"line":26,"column":12},"end":{"line":28,"column":43}},{"start":{"line":26,"column":12},"end":{"line":28,"column":43}}],"line":26},"17":{"loc":{"start":{"line":26,"column":16},"end":{"line":27,"column":79}},"type":"binary-expr","locations":[{"start":{"line":26,"column":17},"end":{"line":26,"column":23}},{"start":{"line":26,"column":27},"end":{"line":26,"column":53}},{"start":{"line":27,"column":17},"end":{"line":27,"column":22}},{"start":{"line":27,"column":26},"end":{"line":27,"column":78}}],"line":26},"18":{"loc":{"start":{"line":30,"column":24},"end":{"line":30,"column":51}},"type":"cond-expr","locations":[{"start":{"line":30,"column":33},"end":{"line":30,"column":39}},{"start":{"line":30,"column":42},"end":{"line":30,"column":51}}],"line":30},"19":{"loc":{"start":{"line":31,"column":23},"end":{"line":31,"column":48}},"type":"cond-expr","locations":[{"start":{"line":31,"column":31},"end":{"line":31,"column":36}},{"start":{"line":31,"column":39},"end":{"line":31,"column":48}}],"line":31}},"s":{"0":1,"1":1,"2":1,"3":1,"4":1,"5":0,"6":0,"7":0,"8":0,"9":1,"10":1,"11":1,"12":1,"13":1,"14":2,"15":1,"16":1,"17":1,"18":1,"19":1,"20":1,"21":1,"22":6,"23":6,"24":6,"25":1,"26":5,"27":5,"28":5,"29":0,"30":0,"31":1,"32":1},"f":{"0":1,"1":1,"2":2,"3":1,"4":6},"b":{"0":[1,1,1],"1":[1,0],"2":[0,0],"3":[1,0],"4":[1,1],"5":[0,0],"6":[0,0],"7":[0,0],"8":[0,0],"9":[1,0,0],"10":[1,1,1],"11":[1,0],"12":[1,1],"13":[1,1,1],"14":[2,0],"15":[2,2],"16":[1,5],"17":[6,3,6,3],"18":[2,3],"19":[2,3]},"inputSourceMap":{"version":3,"file":"/home/dariel/Desktop/code-chanllenges/immfly/api-playground/src/controllers/countries.controller.ts","sources":["/home/dariel/Desktop/code-chanllenges/immfly/api-playground/src/controllers/countries.controller.ts"],"names":[],"mappings":";;;;;;;;;;;;;;AACA,mCAAiC;AACjC,sFAA2D;AAE3D,iEAAwE;AAExE,uDAA4B;AAG5B,IAAqB,iBAAiB,GAAtC,MAAqB,iBAAiB;IAElC,YACY,cAA8B;QAA9B,mBAAc,GAAd,cAAc,CAAgB;IACtC,CAAC;IAEE,KAAK,CAAC,YAAY,CAAC,GAAY,EAAE,GAAa;QAEjD,IAAI;YACA,MAAM,EAAE,MAAM,EAAE,KAAK,EAAE,GAAG,GAAG,CAAC,KAAK,CAAC;YAEpC,IACI,CAAC,MAAM,IAAI,OAAO,MAAM,KAAK,QAAQ,CAAC;gBACtC,CAAC,KAAK,IAAI,CAAC,CAAC,KAAK,CAAC,QAAQ,EAAE,IAAI,6BAAU,CAAC,CAAC;gBAC9C,OAAO,GAAG,CAAC,UAAU,CAAC,GAAG,CAAC,CAAA;YAE5B,MAAM,WAAW,GAAyB;gBACtC,MAAM,EAAE,MAAM,CAAC,CAAC,CAAC,MAAM,CAAC,CAAC,CAAC,SAAS;gBACnC,KAAK,EAAE,KAAK,CAAC,CAAC,CAAC,KAAuB,CAAC,CAAC,CAAC,SAAS;aACrD,CAAC;YAEF,MAAM,SAAS,GAAG,MAAM,IAAI,CAAC,cAAc,CAAC,YAAY,CAAC,WAAW,CAAC,CAAC;YACtE,OAAO,GAAG,CAAC,MAAM,CAAC,GAAG,CAAC,CAAC,IAAI,CAAC,EAAC,IAAI,EAAE,SAAS,EAAC,CAAC,CAAC;SAElD;QAAC,OAAO,KAAK,EAAE;YACZ,gBAAG,CAAC,KAAK,CAAC,KAAK,CAAC,CAAC;YACjB,OAAO,GAAG,CAAC,UAAU,CAAC,GAAG,CAAC,CAAC;SAC9B;IACL,CAAC;CACJ,CAAA;AA7BoB,iBAAiB;IADrC,gBAAO,EAAE;qCAIsB,2BAAc;GAHzB,iBAAiB,CA6BrC;kBA7BoB,iBAAiB","sourcesContent":["import { Request, Response } from \"express\";\nimport { Service } from \"typedi\";\nimport CountryService from '../services/countries.service';\nimport { CountriesQueryParams } from '../models/countries-query-params.model';\nimport { OrderParam, OrderParamType } from \"../models/order-param.enum\";\n\nimport log from '../logger';\n\n@Service()\nexport default class CountryController {\n\n    constructor(\n        private countryService: CountryService\n    ) { }\n\n    public async getCountries(req: Request, res: Response): Promise<Response> {\n\n        try {\n            const { filter, order } = req.query;\n\n            if (\n                (filter && typeof filter !== 'string') ||\n                (order && !(order.toString() in OrderParam))\n            ) return res.sendStatus(400)\n\n            const queryParams: CountriesQueryParams = {\n                filter: filter ? filter : undefined,\n                order: order ? order as OrderParamType : undefined\n            };\n\n            const countries = await this.countryService.getCountries(queryParams);\n            return res.status(200).json({data: countries});\n\n        } catch (error) {\n            log.error(error);\n            return res.sendStatus(500);\n        }\n    }\n}\n"]},"_coverageSchema":"1a1c01bbd47fc00a2c39e90264f33305004495a9","hash":"8aaf4757ee224b3ee761c3b791b63fe8a55f4045","contentHash":"24c8a5909d1159d5ef4293396baf265d40181057b1ee8d0070bd4042c60bd889"},"/home/dariel/Desktop/code-chanllenges/immfly/api-playground/src/services/countries.service.ts":{"path":"/home/dariel/Desktop/code-chanllenges/immfly/api-playground/src/services/countries.service.ts","statementMap":{"0":{"start":{"line":2,"column":17},"end":{"line":7,"column":1}},"1":{"start":{"line":3,"column":12},"end":{"line":3,"column":28}},"2":{"start":{"line":3,"column":34},"end":{"line":3,"column":125}},"3":{"start":{"line":4,"column":4},"end":{"line":5,"column":150}},"4":{"start":{"line":4,"column":79},"end":{"line":4,"column":131}},"5":{"start":{"line":5,"column":9},"end":{"line":5,"column":150}},"6":{"start":{"line":5,"column":22},"end":{"line":5,"column":43}},"7":{"start":{"line":5,"column":58},"end":{"line":5,"column":150}},"8":{"start":{"line":5,"column":81},"end":{"line":5,"column":150}},"9":{"start":{"line":6,"column":4},"end":{"line":6,"column":66}},"10":{"start":{"line":8,"column":17},"end":{"line":10,"column":1}},"11":{"start":{"line":9,"column":4},"end":{"line":9,"column":109}},"12":{"start":{"line":9,"column":79},"end":{"line":9,"column":109}},"13":{"start":{"line":11,"column":22},"end":{"line":13,"column":1}},"14":{"start":{"line":12,"column":4},"end":{"line":12,"column":62}},"15":{"start":{"line":14,"column":0},"end":{"line":14,"column":62}},"16":{"start":{"line":15,"column":17},"end":{"line":15,"column":34}},"17":{"start":{"line":16,"column":23},"end":{"line":16,"column":69}},"18":{"start":{"line":17,"column":17},"end":{"line":17,"column":54}},"19":{"start":{"line":18,"column":21},"end":{"line":55,"column":1}},"20":{"start":{"line":20,"column":8},"end":{"line":20,"column":39}},"21":{"start":{"line":23,"column":8},"end":{"line":42,"column":9}},"22":{"start":{"line":24,"column":12},"end":{"line":24,"column":69}},"23":{"start":{"line":25,"column":30},"end":{"line":25,"column":67}},"24":{"start":{"line":26,"column":12},"end":{"line":28,"column":13}},"25":{"start":{"line":27,"column":16},"end":{"line":27,"column":33}},"26":{"start":{"line":29,"column":34},"end":{"line":29,"column":43}},"27":{"start":{"line":30,"column":38},"end":{"line":30,"column":49}},"28":{"start":{"line":31,"column":12},"end":{"line":33,"column":13}},"29":{"start":{"line":32,"column":16},"end":{"line":32,"column":74}},"30":{"start":{"line":34,"column":12},"end":{"line":36,"column":13}},"31":{"start":{"line":35,"column":16},"end":{"line":35,"column":77}},"32":{"start":{"line":37,"column":12},"end":{"line":37,"column":35}},"33":{"start":{"line":40,"column":12},"end":{"line":40,"column":42}},"34":{"start":{"line":41,"column":12},"end":{"line":41,"column":22}},"35":{"start":{"line":46,"column":22},"end":{"line":46,"column":51}},"36":{"start":{"line":47,"column":8},"end":{"line":48,"column":39}},"37":{"start":{"line":47,"column":46},"end":{"line":48,"column":36}},"38":{"start":{"line":51,"column":8},"end":{"line":53,"column":30}},"39":{"start":{"line":51,"column":41},"end":{"line":53,"column":27}},"40":{"start":{"line":56,"column":0},"end":{"line":59,"column":19}},"41":{"start":{"line":60,"column":0},"end":{"line":60,"column":33}}},"fnMap":{"0":{"name":"(anonymous_0)","decl":{"start":{"line":2,"column":46},"end":{"line":2,"column":47}},"loc":{"start":{"line":2,"column":87},"end":{"line":7,"column":1}},"line":2},"1":{"name":"(anonymous_1)","decl":{"start":{"line":8,"column":46},"end":{"line":8,"column":47}},"loc":{"start":{"line":8,"column":62},"end":{"line":10,"column":1}},"line":8},"2":{"name":"(anonymous_2)","decl":{"start":{"line":11,"column":56},"end":{"line":11,"column":57}},"loc":{"start":{"line":11,"column":71},"end":{"line":13,"column":1}},"line":11},"3":{"name":"(anonymous_3)","decl":{"start":{"line":19,"column":4},"end":{"line":19,"column":5}},"loc":{"start":{"line":19,"column":29},"end":{"line":21,"column":5}},"line":19},"4":{"name":"(anonymous_4)","decl":{"start":{"line":22,"column":4},"end":{"line":22,"column":5}},"loc":{"start":{"line":22,"column":36},"end":{"line":43,"column":5}},"line":22},"5":{"name":"(anonymous_5)","decl":{"start":{"line":44,"column":4},"end":{"line":44,"column":5}},"loc":{"start":{"line":44,"column":45},"end":{"line":49,"column":5}},"line":44},"6":{"name":"(anonymous_6)","decl":{"start":{"line":47,"column":32},"end":{"line":47,"column":33}},"loc":{"start":{"line":47,"column":46},"end":{"line":48,"column":36}},"line":47},"7":{"name":"(anonymous_7)","decl":{"start":{"line":50,"column":4},"end":{"line":50,"column":5}},"loc":{"start":{"line":50,"column":36},"end":{"line":54,"column":5}},"line":50},"8":{"name":"(anonymous_8)","decl":{"start":{"line":51,"column":30},"end":{"line":51,"column":31}},"loc":{"start":{"line":51,"column":41},"end":{"line":53,"column":27}},"line":51}},"branchMap":{"0":{"loc":{"start":{"line":2,"column":17},"end":{"line":7,"column":1}},"type":"binary-expr","locations":[{"start":{"line":2,"column":18},"end":{"line":2,"column":22}},{"start":{"line":2,"column":26},"end":{"line":2,"column":41}},{"start":{"line":2,"column":46},"end":{"line":7,"column":1}}],"line":2},"1":{"loc":{"start":{"line":3,"column":34},"end":{"line":3,"column":125}},"type":"cond-expr","locations":[{"start":{"line":3,"column":42},"end":{"line":3,"column":48}},{"start":{"line":3,"column":51},"end":{"line":3,"column":125}}],"line":3},"2":{"loc":{"start":{"line":3,"column":51},"end":{"line":3,"column":125}},"type":"cond-expr","locations":[{"start":{"line":3,"column":67},"end":{"line":3,"column":118}},{"start":{"line":3,"column":121},"end":{"line":3,"column":125}}],"line":3},"3":{"loc":{"start":{"line":4,"column":4},"end":{"line":5,"column":150}},"type":"if","locations":[{"start":{"line":4,"column":4},"end":{"line":5,"column":150}},{"start":{"line":4,"column":4},"end":{"line":5,"column":150}}],"line":4},"4":{"loc":{"start":{"line":4,"column":8},"end":{"line":4,"column":77}},"type":"binary-expr","locations":[{"start":{"line":4,"column":8},"end":{"line":4,"column":35}},{"start":{"line":4,"column":39},"end":{"line":4,"column":77}}],"line":4},"5":{"loc":{"start":{"line":5,"column":58},"end":{"line":5,"column":150}},"type":"if","locations":[{"start":{"line":5,"column":58},"end":{"line":5,"column":150}},{"start":{"line":5,"column":58},"end":{"line":5,"column":150}}],"line":5},"6":{"loc":{"start":{"line":5,"column":85},"end":{"line":5,"column":149}},"type":"binary-expr","locations":[{"start":{"line":5,"column":86},"end":{"line":5,"column":143}},{"start":{"line":5,"column":148},"end":{"line":5,"column":149}}],"line":5},"7":{"loc":{"start":{"line":5,"column":86},"end":{"line":5,"column":143}},"type":"cond-expr","locations":[{"start":{"line":5,"column":94},"end":{"line":5,"column":98}},{"start":{"line":5,"column":101},"end":{"line":5,"column":143}}],"line":5},"8":{"loc":{"start":{"line":5,"column":101},"end":{"line":5,"column":143}},"type":"cond-expr","locations":[{"start":{"line":5,"column":109},"end":{"line":5,"column":126}},{"start":{"line":5,"column":129},"end":{"line":5,"column":143}}],"line":5},"9":{"loc":{"start":{"line":6,"column":11},"end":{"line":6,"column":62}},"type":"binary-expr","locations":[{"start":{"line":6,"column":11},"end":{"line":6,"column":16}},{"start":{"line":6,"column":20},"end":{"line":6,"column":21}},{"start":{"line":6,"column":25},"end":{"line":6,"column":62}}],"line":6},"10":{"loc":{"start":{"line":8,"column":17},"end":{"line":10,"column":1}},"type":"binary-expr","locations":[{"start":{"line":8,"column":18},"end":{"line":8,"column":22}},{"start":{"line":8,"column":26},"end":{"line":8,"column":41}},{"start":{"line":8,"column":46},"end":{"line":10,"column":1}}],"line":8},"11":{"loc":{"start":{"line":9,"column":4},"end":{"line":9,"column":109}},"type":"if","locations":[{"start":{"line":9,"column":4},"end":{"line":9,"column":109}},{"start":{"line":9,"column":4},"end":{"line":9,"column":109}}],"line":9},"12":{"loc":{"start":{"line":9,"column":8},"end":{"line":9,"column":77}},"type":"binary-expr","locations":[{"start":{"line":9,"column":8},"end":{"line":9,"column":35}},{"start":{"line":9,"column":39},"end":{"line":9,"column":77}}],"line":9},"13":{"loc":{"start":{"line":11,"column":22},"end":{"line":13,"column":1}},"type":"binary-expr","locations":[{"start":{"line":11,"column":23},"end":{"line":11,"column":27}},{"start":{"line":11,"column":31},"end":{"line":11,"column":51}},{"start":{"line":11,"column":56},"end":{"line":13,"column":1}}],"line":11},"14":{"loc":{"start":{"line":12,"column":11},"end":{"line":12,"column":61}},"type":"cond-expr","locations":[{"start":{"line":12,"column":37},"end":{"line":12,"column":40}},{"start":{"line":12,"column":43},"end":{"line":12,"column":61}}],"line":12},"15":{"loc":{"start":{"line":12,"column":12},"end":{"line":12,"column":33}},"type":"binary-expr","locations":[{"start":{"line":12,"column":12},"end":{"line":12,"column":15}},{"start":{"line":12,"column":19},"end":{"line":12,"column":33}}],"line":12},"16":{"loc":{"start":{"line":26,"column":12},"end":{"line":28,"column":13}},"type":"if","locations":[{"start":{"line":26,"column":12},"end":{"line":28,"column":13}},{"start":{"line":26,"column":12},"end":{"line":28,"column":13}}],"line":26},"17":{"loc":{"start":{"line":31,"column":12},"end":{"line":33,"column":13}},"type":"if","locations":[{"start":{"line":31,"column":12},"end":{"line":33,"column":13}},{"start":{"line":31,"column":12},"end":{"line":33,"column":13}}],"line":31},"18":{"loc":{"start":{"line":34,"column":12},"end":{"line":36,"column":13}},"type":"if","locations":[{"start":{"line":34,"column":12},"end":{"line":36,"column":13}},{"start":{"line":34,"column":12},"end":{"line":36,"column":13}}],"line":34},"19":{"loc":{"start":{"line":47,"column":46},"end":{"line":48,"column":36}},"type":"binary-expr","locations":[{"start":{"line":47,"column":46},"end":{"line":47,"column":73}},{"start":{"line":48,"column":12},"end":{"line":48,"column":36}}],"line":47},"20":{"loc":{"start":{"line":51,"column":41},"end":{"line":53,"column":27}},"type":"cond-expr","locations":[{"start":{"line":52,"column":14},"end":{"line":52,"column":27}},{"start":{"line":53,"column":14},"end":{"line":53,"column":27}}],"line":51}},"s":{"0":1,"1":1,"2":1,"3":1,"4":1,"5":0,"6":0,"7":0,"8":0,"9":1,"10":1,"11":1,"12":1,"13":1,"14":2,"15":1,"16":1,"17":1,"18":1,"19":1,"20":1,"21":5,"22":5,"23":5,"24":5,"25":0,"26":5,"27":5,"28":5,"29":2,"30":5,"31":2,"32":5,"33":0,"34":0,"35":2,"36":2,"37":56,"38":2,"39":101,"40":1,"41":1},"f":{"0":1,"1":1,"2":2,"3":1,"4":5,"5":2,"6":56,"7":2,"8":101},"b":{"0":[1,1,1],"1":[1,0],"2":[0,0],"3":[1,0],"4":[1,1],"5":[0,0],"6":[0,0],"7":[0,0],"8":[0,0],"9":[1,0,0],"10":[1,1,1],"11":[1,0],"12":[1,1],"13":[1,1,1],"14":[2,0],"15":[2,2],"16":[0,5],"17":[2,3],"18":[2,3],"19":[56,54],"20":[101,0]},"inputSourceMap":{"version":3,"file":"/home/dariel/Desktop/code-chanllenges/immfly/api-playground/src/services/countries.service.ts","sources":["/home/dariel/Desktop/code-chanllenges/immfly/api-playground/src/services/countries.service.ts"],"names":[],"mappings":";;;;;;;;;;;;;;AAAA,mCAAiC;AACjC,sEAA6C;AAI7C,uDAA4B;AAG5B,IAAqB,cAAc,GAAnC,MAAqB,cAAc;IAE/B,YACY,WAAwB;QAAxB,gBAAW,GAAX,WAAW,CAAa;IAChC,CAAC;IAEE,KAAK,CAAC,YAAY,CAAC,WAAkC;QAExD,IAAI;YACA,gBAAG,CAAC,IAAI,CAAC,iCAAiC,CAAC,CAAC;YAE5C,MAAM,SAAS,GAAG,MAAM,IAAI,CAAC,WAAW,CAAC,YAAY,EAAE,CAAC;YAExD,IAAI,CAAC,WAAW,EAAE;gBACd,OAAO,SAAS,CAAC;aACpB;YAED,IAAI,eAAe,GAAc,SAAS,CAAC;YAE3C,MAAM,EAAE,MAAM,EAAE,KAAK,EAAE,GAAG,WAAW,CAAC;YAEtC,IAAI,MAAM,EAAE;gBACR,eAAe,GAAG,IAAI,CAAC,eAAe,CAAC,SAAS,EAAE,MAAM,CAAC,CAAC;aAC7D;YAED,IAAI,KAAK,EAAE;gBACP,eAAe,GAAG,IAAI,CAAC,aAAa,CAAC,eAAe,EAAE,KAAK,CAAC,CAAC;aAChE;YAED,OAAO,eAAe,CAAC;SAE1B;QAAC,OAAO,KAAK,EAAE;YACZ,gBAAG,CAAC,KAAK,CAAC,KAAK,CAAC,CAAC;YACjB,OAAO,EAAE,CAAC;SACb;IACL,CAAC;IAEM,eAAe,CAAC,SAAoB,EAAE,YAAoB;QAE7D,qEAAqE;QACrE,MAAM,KAAK,GAAG,IAAI,MAAM,CAAC,YAAY,EAAE,GAAG,CAAC,CAAC;QAE5C,OAAO,SAAS,CAAC,MAAM,CACnB,CAAC,OAAgB,EAAE,EAAE,CAAC,CAClB,KAAK,CAAC,IAAI,CAAC,OAAO,CAAC,OAAO,CAAC;YAC3B,KAAK,CAAC,IAAI,CAAC,OAAO,CAAC,IAAI,CAAC,CAC3B,CACJ,CAAC;IACN,CAAC;IAEM,aAAa,CAAC,SAAoB,EAAE,KAAqB;QAC5D,OAAO,SAAS,CAAC,IAAI,CACjB,CAAC,CAAU,EAAE,CAAU,EAAE,EAAE,CAAC,CACxB,CAAC,KAAK,KAAK,KAAK,CAAC;YACb,CAAC,CAAC,CAAC,CAAC,GAAG,GAAG,CAAC,CAAC,GAAG;YACf,CAAC,CAAC,CAAC,CAAC,GAAG,GAAG,CAAC,CAAC,GAAG,CACtB,CACJ,CAAC;IACN,CAAC;CACJ,CAAA;AA3DoB,cAAc;IADlC,gBAAO,EAAE;qCAImB,sBAAW;GAHnB,cAAc,CA2DlC;kBA3DoB,cAAc","sourcesContent":["import { Service } from 'typedi';\nimport CountriesDB from '../db/countries.db';\nimport { Country } from '../models/country.model';\nimport { OrderParamType } from '../models/order-param.enum';\nimport { CountriesQueryParams } from '../models/countries-query-params.model';\nimport log from '../logger';\n\n@Service()\nexport default class CountryService {\n\n    constructor(\n        private countriesDB: CountriesDB\n    ) { }\n\n    public async getCountries(queryParams?: CountriesQueryParams): Promise<Country[]> {\n\n        try {\n            log.info('Fetching all countries from API');\n\n            const countries = await this.countriesDB.getCountries();\n\n            if (!queryParams) {\n                return countries;\n            }\n\n            let countriesResult: Country[] = countries;\n\n            const { filter, order } = queryParams;\n\n            if (filter) {\n                countriesResult = this.filterCountries(countries, filter);\n            }\n\n            if (order) {\n                countriesResult = this.sortCountries(countriesResult, order);\n            }\n\n            return countriesResult;\n\n        } catch (error) {\n            log.error(error);\n            return [];\n        }\n    }\n\n    public filterCountries(countries: Country[], searchString: string): Country[] {\n\n        // Makes the search string a regular expression with case insensitive\n        const regex = new RegExp(searchString, 'i');\n\n        return countries.filter(\n            (country: Country) => (\n                regex.test(country.country) ||\n                regex.test(country.code)\n            )\n        );\n    }\n\n    public sortCountries(countries: Country[], order: OrderParamType): Country[] {\n        return countries.sort(\n            (a: Country, b: Country) => (\n                (order === 'asc')\n                    ? a.vat - b.vat\n                    : b.vat - a.vat\n            )\n        );\n    }\n}"]},"_coverageSchema":"1a1c01bbd47fc00a2c39e90264f33305004495a9","hash":"e2bb2999f39fa85fcf35b5c15744172a62ab4477","contentHash":"b6c7173b5efd9758fbcf19e156dffeadd2f1d7b0387024516ad2aef77df47821"},"/home/dariel/Desktop/code-chanllenges/immfly/api-playground/src/db/countries.db.ts":{"path":"/home/dariel/Desktop/code-chanllenges/immfly/api-playground/src/db/countries.db.ts","statementMap":{"0":{"start":{"line":2,"column":17},"end":{"line":7,"column":1}},"1":{"start":{"line":3,"column":12},"end":{"line":3,"column":28}},"2":{"start":{"line":3,"column":34},"end":{"line":3,"column":125}},"3":{"start":{"line":4,"column":4},"end":{"line":5,"column":150}},"4":{"start":{"line":4,"column":79},"end":{"line":4,"column":131}},"5":{"start":{"line":5,"column":9},"end":{"line":5,"column":150}},"6":{"start":{"line":5,"column":22},"end":{"line":5,"column":43}},"7":{"start":{"line":5,"column":58},"end":{"line":5,"column":150}},"8":{"start":{"line":5,"column":81},"end":{"line":5,"column":150}},"9":{"start":{"line":6,"column":4},"end":{"line":6,"column":66}},"10":{"start":{"line":8,"column":17},"end":{"line":10,"column":1}},"11":{"start":{"line":9,"column":4},"end":{"line":9,"column":109}},"12":{"start":{"line":9,"column":79},"end":{"line":9,"column":109}},"13":{"start":{"line":11,"column":22},"end":{"line":13,"column":1}},"14":{"start":{"line":12,"column":4},"end":{"line":12,"column":62}},"15":{"start":{"line":14,"column":0},"end":{"line":14,"column":62}},"16":{"start":{"line":15,"column":16},"end":{"line":15,"column":49}},"17":{"start":{"line":16,"column":17},"end":{"line":16,"column":34}},"18":{"start":{"line":17,"column":17},"end":{"line":17,"column":51}},"19":{"start":{"line":18,"column":18},"end":{"line":26,"column":1}},"20":{"start":{"line":20,"column":8},"end":{"line":20,"column":62}},"21":{"start":{"line":23,"column":8},"end":{"line":24,"column":37}},"22":{"start":{"line":24,"column":27},"end":{"line":24,"column":35}},"23":{"start":{"line":27,"column":0},"end":{"line":30,"column":16}},"24":{"start":{"line":31,"column":0},"end":{"line":31,"column":30}}},"fnMap":{"0":{"name":"(anonymous_0)","decl":{"start":{"line":2,"column":46},"end":{"line":2,"column":47}},"loc":{"start":{"line":2,"column":87},"end":{"line":7,"column":1}},"line":2},"1":{"name":"(anonymous_1)","decl":{"start":{"line":8,"column":46},"end":{"line":8,"column":47}},"loc":{"start":{"line":8,"column":62},"end":{"line":10,"column":1}},"line":8},"2":{"name":"(anonymous_2)","decl":{"start":{"line":11,"column":56},"end":{"line":11,"column":57}},"loc":{"start":{"line":11,"column":71},"end":{"line":13,"column":1}},"line":11},"3":{"name":"(anonymous_3)","decl":{"start":{"line":19,"column":4},"end":{"line":19,"column":5}},"loc":{"start":{"line":19,"column":18},"end":{"line":21,"column":5}},"line":19},"4":{"name":"(anonymous_4)","decl":{"start":{"line":22,"column":4},"end":{"line":22,"column":5}},"loc":{"start":{"line":22,"column":19},"end":{"line":25,"column":5}},"line":22},"5":{"name":"(anonymous_5)","decl":{"start":{"line":24,"column":18},"end":{"line":24,"column":19}},"loc":{"start":{"line":24,"column":27},"end":{"line":24,"column":35}},"line":24}},"branchMap":{"0":{"loc":{"start":{"line":2,"column":17},"end":{"line":7,"column":1}},"type":"binary-expr","locations":[{"start":{"line":2,"column":18},"end":{"line":2,"column":22}},{"start":{"line":2,"column":26},"end":{"line":2,"column":41}},{"start":{"line":2,"column":46},"end":{"line":7,"column":1}}],"line":2},"1":{"loc":{"start":{"line":3,"column":34},"end":{"line":3,"column":125}},"type":"cond-expr","locations":[{"start":{"line":3,"column":42},"end":{"line":3,"column":48}},{"start":{"line":3,"column":51},"end":{"line":3,"column":125}}],"line":3},"2":{"loc":{"start":{"line":3,"column":51},"end":{"line":3,"column":125}},"type":"cond-expr","locations":[{"start":{"line":3,"column":67},"end":{"line":3,"column":118}},{"start":{"line":3,"column":121},"end":{"line":3,"column":125}}],"line":3},"3":{"loc":{"start":{"line":4,"column":4},"end":{"line":5,"column":150}},"type":"if","locations":[{"start":{"line":4,"column":4},"end":{"line":5,"column":150}},{"start":{"line":4,"column":4},"end":{"line":5,"column":150}}],"line":4},"4":{"loc":{"start":{"line":4,"column":8},"end":{"line":4,"column":77}},"type":"binary-expr","locations":[{"start":{"line":4,"column":8},"end":{"line":4,"column":35}},{"start":{"line":4,"column":39},"end":{"line":4,"column":77}}],"line":4},"5":{"loc":{"start":{"line":5,"column":58},"end":{"line":5,"column":150}},"type":"if","locations":[{"start":{"line":5,"column":58},"end":{"line":5,"column":150}},{"start":{"line":5,"column":58},"end":{"line":5,"column":150}}],"line":5},"6":{"loc":{"start":{"line":5,"column":85},"end":{"line":5,"column":149}},"type":"binary-expr","locations":[{"start":{"line":5,"column":86},"end":{"line":5,"column":143}},{"start":{"line":5,"column":148},"end":{"line":5,"column":149}}],"line":5},"7":{"loc":{"start":{"line":5,"column":86},"end":{"line":5,"column":143}},"type":"cond-expr","locations":[{"start":{"line":5,"column":94},"end":{"line":5,"column":98}},{"start":{"line":5,"column":101},"end":{"line":5,"column":143}}],"line":5},"8":{"loc":{"start":{"line":5,"column":101},"end":{"line":5,"column":143}},"type":"cond-expr","locations":[{"start":{"line":5,"column":109},"end":{"line":5,"column":126}},{"start":{"line":5,"column":129},"end":{"line":5,"column":143}}],"line":5},"9":{"loc":{"start":{"line":6,"column":11},"end":{"line":6,"column":62}},"type":"binary-expr","locations":[{"start":{"line":6,"column":11},"end":{"line":6,"column":16}},{"start":{"line":6,"column":20},"end":{"line":6,"column":21}},{"start":{"line":6,"column":25},"end":{"line":6,"column":62}}],"line":6},"10":{"loc":{"start":{"line":8,"column":17},"end":{"line":10,"column":1}},"type":"binary-expr","locations":[{"start":{"line":8,"column":18},"end":{"line":8,"column":22}},{"start":{"line":8,"column":26},"end":{"line":8,"column":41}},{"start":{"line":8,"column":46},"end":{"line":10,"column":1}}],"line":8},"11":{"loc":{"start":{"line":9,"column":4},"end":{"line":9,"column":109}},"type":"if","locations":[{"start":{"line":9,"column":4},"end":{"line":9,"column":109}},{"start":{"line":9,"column":4},"end":{"line":9,"column":109}}],"line":9},"12":{"loc":{"start":{"line":9,"column":8},"end":{"line":9,"column":77}},"type":"binary-expr","locations":[{"start":{"line":9,"column":8},"end":{"line":9,"column":35}},{"start":{"line":9,"column":39},"end":{"line":9,"column":77}}],"line":9},"13":{"loc":{"start":{"line":11,"column":22},"end":{"line":13,"column":1}},"type":"binary-expr","locations":[{"start":{"line":11,"column":23},"end":{"line":11,"column":27}},{"start":{"line":11,"column":31},"end":{"line":11,"column":51}},{"start":{"line":11,"column":56},"end":{"line":13,"column":1}}],"line":11},"14":{"loc":{"start":{"line":12,"column":11},"end":{"line":12,"column":61}},"type":"cond-expr","locations":[{"start":{"line":12,"column":37},"end":{"line":12,"column":40}},{"start":{"line":12,"column":43},"end":{"line":12,"column":61}}],"line":12},"15":{"loc":{"start":{"line":12,"column":12},"end":{"line":12,"column":33}},"type":"binary-expr","locations":[{"start":{"line":12,"column":12},"end":{"line":12,"column":15}},{"start":{"line":12,"column":19},"end":{"line":12,"column":33}}],"line":12}},"s":{"0":1,"1":1,"2":1,"3":1,"4":1,"5":0,"6":0,"7":0,"8":0,"9":1,"10":1,"11":1,"12":1,"13":1,"14":2,"15":1,"16":1,"17":1,"18":1,"19":1,"20":1,"21":5,"22":5,"23":1,"24":1},"f":{"0":1,"1":1,"2":2,"3":1,"4":5,"5":5},"b":{"0":[1,1,1],"1":[1,0],"2":[0,0],"3":[1,0],"4":[1,1],"5":[0,0],"6":[0,0],"7":[0,0],"8":[0,0],"9":[1,0,0],"10":[1,1,1],"11":[1,0],"12":[1,1],"13":[1,1,1],"14":[0,2],"15":[2,2]},"inputSourceMap":{"version":3,"file":"/home/dariel/Desktop/code-chanllenges/immfly/api-playground/src/db/countries.db.ts","sources":["/home/dariel/Desktop/code-chanllenges/immfly/api-playground/src/db/countries.db.ts"],"names":[],"mappings":";;;;;;;;;;;;;;AAAA,kDAA6C;AAC7C,mCAAiC;AAEjC,oDAA4B;AAI5B,IAAqB,WAAW,GAAhC,MAAqB,WAAW;IAI9B;QACE,IAAI,CAAC,MAAM,GAAG,gBAAM,CAAC,GAAG,CAAC,iBAAiB,CAAW,CAAC;IACxD,CAAC;IAEM,YAAY;QACjB,OAAO,eAAK,CAAC,GAAG,CAAC,IAAI,CAAC,MAAM,CAAC;aAC1B,IAAI,CAAC,CAAC,GAAkB,EAAE,EAAE,CAAC,GAAG,CAAC,IAAI,CAAC,CAAC;IAC5C,CAAC;CACF,CAAA;AAZoB,WAAW;IAD/B,gBAAO,EAAE;;GACW,WAAW,CAY/B;kBAZoB,WAAW","sourcesContent":["import axios, { AxiosResponse } from \"axios\";\nimport { Service } from \"typedi\";\nimport { Country } from '../models/country.model';\nimport config from \"config\";\n\n\n@Service()\nexport default class CountriesDB {\n\n  private apiUri: string;\n\n  constructor () {\n    this.apiUri = config.get('countriesApiUri') as string;\n  }\n\n  public getCountries(): Promise<Country[]> {\n    return axios.get(this.apiUri)\n      .then((res: AxiosResponse) => res.data);\n  }\n}"]},"_coverageSchema":"1a1c01bbd47fc00a2c39e90264f33305004495a9","hash":"f8024720424895b798dd5cba2f550b5d32fca410","contentHash":"8361600335b3ad1df7cb059065a9afa86c3015b24ea9d87b1fc1e7eb9d5020bc"},"/home/dariel/Desktop/code-chanllenges/immfly/api-playground/src/models/order-param.enum.ts":{"path":"/home/dariel/Desktop/code-chanllenges/immfly/api-playground/src/models/order-param.enum.ts","statementMap":{"0":{"start":{"line":2,"column":0},"end":{"line":2,"column":62}},"1":{"start":{"line":3,"column":0},"end":{"line":3,"column":28}},"2":{"start":{"line":5,"column":0},"end":{"line":8,"column":65}},"3":{"start":{"line":6,"column":4},"end":{"line":6,"column":46}},"4":{"start":{"line":7,"column":4},"end":{"line":7,"column":48}}},"fnMap":{"0":{"name":"(anonymous_0)","decl":{"start":{"line":5,"column":1},"end":{"line":5,"column":2}},"loc":{"start":{"line":5,"column":23},"end":{"line":8,"column":1}},"line":5}},"branchMap":{"0":{"loc":{"start":{"line":8,"column":16},"end":{"line":8,"column":63}},"type":"binary-expr","locations":[{"start":{"line":8,"column":16},"end":{"line":8,"column":34}},{"start":{"line":8,"column":39},"end":{"line":8,"column":62}}],"line":8}},"s":{"0":1,"1":1,"2":1,"3":1,"4":1},"f":{"0":1},"b":{"0":[1,1]},"inputSourceMap":{"version":3,"file":"/home/dariel/Desktop/code-chanllenges/immfly/api-playground/src/models/order-param.enum.ts","sources":["/home/dariel/Desktop/code-chanllenges/immfly/api-playground/src/models/order-param.enum.ts"],"names":[],"mappings":";;;AAAA,IAAY,UAGX;AAHD,WAAY,UAAU;IAClB,yCAAK,CAAA;IACL,2CAAM,CAAA;AACV,CAAC,EAHW,UAAU,GAAV,kBAAU,KAAV,kBAAU,QAGrB","sourcesContent":["export enum OrderParam {\n    'asc',\n    'desc'\n}\n\nexport type OrderParamType = keyof typeof OrderParam;"]},"_coverageSchema":"1a1c01bbd47fc00a2c39e90264f33305004495a9","hash":"6fd38ec2d1680cebef7b988a3b78efbdcc262c77","contentHash":"a76ae1824038551cfdc8c835af220c61bc855267799c5397af9fdcf7e200e9a7"},"/home/dariel/Desktop/code-chanllenges/immfly/api-playground/src/routes/reverse.routes.ts":{"path":"/home/dariel/Desktop/code-chanllenges/immfly/api-playground/src/routes/reverse.routes.ts","statementMap":{"0":{"start":{"line":2,"column":22},"end":{"line":4,"column":1}},"1":{"start":{"line":3,"column":4},"end":{"line":3,"column":62}},"2":{"start":{"line":5,"column":0},"end":{"line":5,"column":62}},"3":{"start":{"line":6,"column":18},"end":{"line":6,"column":36}},"4":{"start":{"line":7,"column":17},"end":{"line":7,"column":51}},"5":{"start":{"line":8,"column":29},"end":{"line":8,"column":90}},"6":{"start":{"line":11,"column":8},"end":{"line":11,"column":41}},"7":{"start":{"line":12,"column":8},"end":{"line":12,"column":77}},"8":{"start":{"line":13,"column":8},"end":{"line":13,"column":25}},"9":{"start":{"line":16,"column":8},"end":{"line":16,"column":95}},"10":{"start":{"line":16,"column":52},"end":{"line":16,"column":93}},"11":{"start":{"line":19,"column":8},"end":{"line":19,"column":27}},"12":{"start":{"line":22,"column":15},"end":{"line":22,"column":27}},"13":{"start":{"line":23,"column":0},"end":{"line":23,"column":37}}},"fnMap":{"0":{"name":"(anonymous_0)","decl":{"start":{"line":2,"column":56},"end":{"line":2,"column":57}},"loc":{"start":{"line":2,"column":71},"end":{"line":4,"column":1}},"line":2},"1":{"name":"(anonymous_1)","decl":{"start":{"line":10,"column":4},"end":{"line":10,"column":5}},"loc":{"start":{"line":10,"column":18},"end":{"line":14,"column":5}},"line":10},"2":{"name":"(anonymous_2)","decl":{"start":{"line":15,"column":4},"end":{"line":15,"column":5}},"loc":{"start":{"line":15,"column":16},"end":{"line":17,"column":5}},"line":15},"3":{"name":"(anonymous_3)","decl":{"start":{"line":16,"column":38},"end":{"line":16,"column":39}},"loc":{"start":{"line":16,"column":52},"end":{"line":16,"column":93}},"line":16},"4":{"name":"(anonymous_4)","decl":{"start":{"line":18,"column":4},"end":{"line":18,"column":5}},"loc":{"start":{"line":18,"column":16},"end":{"line":20,"column":5}},"line":18}},"branchMap":{"0":{"loc":{"start":{"line":2,"column":22},"end":{"line":4,"column":1}},"type":"binary-expr","locations":[{"start":{"line":2,"column":23},"end":{"line":2,"column":27}},{"start":{"line":2,"column":31},"end":{"line":2,"column":51}},{"start":{"line":2,"column":56},"end":{"line":4,"column":1}}],"line":2},"1":{"loc":{"start":{"line":3,"column":11},"end":{"line":3,"column":61}},"type":"cond-expr","locations":[{"start":{"line":3,"column":37},"end":{"line":3,"column":40}},{"start":{"line":3,"column":43},"end":{"line":3,"column":61}}],"line":3},"2":{"loc":{"start":{"line":3,"column":12},"end":{"line":3,"column":33}},"type":"binary-expr","locations":[{"start":{"line":3,"column":12},"end":{"line":3,"column":15}},{"start":{"line":3,"column":19},"end":{"line":3,"column":33}}],"line":3}},"s":{"0":1,"1":2,"2":1,"3":1,"4":1,"5":1,"6":1,"7":1,"8":1,"9":1,"10":2,"11":1,"12":1,"13":1},"f":{"0":2,"1":1,"2":1,"3":2,"4":1},"b":{"0":[1,1,1],"1":[2,0],"2":[2,2]},"inputSourceMap":{"version":3,"file":"/home/dariel/Desktop/code-chanllenges/immfly/api-playground/src/routes/reverse.routes.ts","sources":["/home/dariel/Desktop/code-chanllenges/immfly/api-playground/src/routes/reverse.routes.ts"],"names":[],"mappings":";;;;;AAAA,qCAAiC;AACjC,oDAA+B;AAC/B,2FAAkE;AAElE,MAAM,MAAM;IAMR;QAJQ,WAAM,GAAW,gBAAM,EAAE,CAAC;QAE1B,eAAU,GAAsB,gBAAS,CAAC,GAAG,CAAC,4BAAiB,CAAC,CAAC;QAGrE,IAAI,CAAC,SAAS,EAAE,CAAC;IACrB,CAAC;IAEM,SAAS;QACZ,IAAI,CAAC,MAAM,CAAC,GAAG,CAAC,YAAY,EAAE,CAAC,GAAG,EAAE,GAAG,EAAE,EAAE,CAAC,IAAI,CAAC,UAAU,CAAC,eAAe,CAAC,GAAG,EAAE,GAAG,CAAC,CAAC,CAAC;IAC3F,CAAC;IAEM,SAAS;QACZ,OAAO,IAAI,CAAC,MAAM,CAAC;IACvB,CAAC;CACJ;AAED,MAAM,MAAM,GAAG,IAAI,MAAM,EAAE,CAAA;AAC3B,kBAAe,MAAM,CAAC,SAAS,EAAE,CAAC","sourcesContent":["import { Router } from \"express\";\nimport Container from \"typedi\";\nimport ReverseController from \"../controllers/reverse.controller\";\n\nclass Routes {\n\n    private router: Router = Router();\n\n    private controller: ReverseController = Container.get(ReverseController);\n\n    constructor() {\n        this.setRoutes();\n    }\n\n    public setRoutes(): void {\n        this.router.get('/:urlParam', (req, res) => this.controller.getReversedData(req, res));\n    }\n\n    public getRoutes(): Router {\n        return this.router;\n    }\n}\n\nconst routes = new Routes()\nexport default routes.getRoutes();\n"]},"_coverageSchema":"1a1c01bbd47fc00a2c39e90264f33305004495a9","hash":"27b523db71b212d15f5451c197a813fe883057c6","contentHash":"9e7071b612dc9c6bfb9a9753c3eed17fc56a0c34d4329ef224eef37a97528aba"},"/home/dariel/Desktop/code-chanllenges/immfly/api-playground/src/controllers/reverse.controller.ts":{"path":"/home/dariel/Desktop/code-chanllenges/immfly/api-playground/src/controllers/reverse.controller.ts","statementMap":{"0":{"start":{"line":2,"column":17},"end":{"line":7,"column":1}},"1":{"start":{"line":3,"column":12},"end":{"line":3,"column":28}},"2":{"start":{"line":3,"column":34},"end":{"line":3,"column":125}},"3":{"start":{"line":4,"column":4},"end":{"line":5,"column":150}},"4":{"start":{"line":4,"column":79},"end":{"line":4,"column":131}},"5":{"start":{"line":5,"column":9},"end":{"line":5,"column":150}},"6":{"start":{"line":5,"column":22},"end":{"line":5,"column":43}},"7":{"start":{"line":5,"column":58},"end":{"line":5,"column":150}},"8":{"start":{"line":5,"column":81},"end":{"line":5,"column":150}},"9":{"start":{"line":6,"column":4},"end":{"line":6,"column":66}},"10":{"start":{"line":8,"column":17},"end":{"line":10,"column":1}},"11":{"start":{"line":9,"column":4},"end":{"line":9,"column":109}},"12":{"start":{"line":9,"column":79},"end":{"line":9,"column":109}},"13":{"start":{"line":11,"column":22},"end":{"line":13,"column":1}},"14":{"start":{"line":12,"column":4},"end":{"line":12,"column":62}},"15":{"start":{"line":14,"column":0},"end":{"line":14,"column":62}},"16":{"start":{"line":15,"column":17},"end":{"line":15,"column":34}},"17":{"start":{"line":16,"column":26},"end":{"line":16,"column":81}},"18":{"start":{"line":17,"column":24},"end":{"line":26,"column":1}},"19":{"start":{"line":19,"column":8},"end":{"line":19,"column":45}},"20":{"start":{"line":22,"column":21},"end":{"line":22,"column":40}},"21":{"start":{"line":23,"column":30},"end":{"line":23,"column":73}},"22":{"start":{"line":24,"column":8},"end":{"line":24,"column":61}},"23":{"start":{"line":27,"column":0},"end":{"line":30,"column":22}},"24":{"start":{"line":31,"column":0},"end":{"line":31,"column":36}}},"fnMap":{"0":{"name":"(anonymous_0)","decl":{"start":{"line":2,"column":46},"end":{"line":2,"column":47}},"loc":{"start":{"line":2,"column":87},"end":{"line":7,"column":1}},"line":2},"1":{"name":"(anonymous_1)","decl":{"start":{"line":8,"column":46},"end":{"line":8,"column":47}},"loc":{"start":{"line":8,"column":62},"end":{"line":10,"column":1}},"line":8},"2":{"name":"(anonymous_2)","decl":{"start":{"line":11,"column":56},"end":{"line":11,"column":57}},"loc":{"start":{"line":11,"column":71},"end":{"line":13,"column":1}},"line":11},"3":{"name":"(anonymous_3)","decl":{"start":{"line":18,"column":4},"end":{"line":18,"column":5}},"loc":{"start":{"line":18,"column":32},"end":{"line":20,"column":5}},"line":18},"4":{"name":"(anonymous_4)","decl":{"start":{"line":21,"column":4},"end":{"line":21,"column":5}},"loc":{"start":{"line":21,"column":30},"end":{"line":25,"column":5}},"line":21}},"branchMap":{"0":{"loc":{"start":{"line":2,"column":17},"end":{"line":7,"column":1}},"type":"binary-expr","locations":[{"start":{"line":2,"column":18},"end":{"line":2,"column":22}},{"start":{"line":2,"column":26},"end":{"line":2,"column":41}},{"start":{"line":2,"column":46},"end":{"line":7,"column":1}}],"line":2},"1":{"loc":{"start":{"line":3,"column":34},"end":{"line":3,"column":125}},"type":"cond-expr","locations":[{"start":{"line":3,"column":42},"end":{"line":3,"column":48}},{"start":{"line":3,"column":51},"end":{"line":3,"column":125}}],"line":3},"2":{"loc":{"start":{"line":3,"column":51},"end":{"line":3,"column":125}},"type":"cond-expr","locations":[{"start":{"line":3,"column":67},"end":{"line":3,"column":118}},{"start":{"line":3,"column":121},"end":{"line":3,"column":125}}],"line":3},"3":{"loc":{"start":{"line":4,"column":4},"end":{"line":5,"column":150}},"type":"if","locations":[{"start":{"line":4,"column":4},"end":{"line":5,"column":150}},{"start":{"line":4,"column":4},"end":{"line":5,"column":150}}],"line":4},"4":{"loc":{"start":{"line":4,"column":8},"end":{"line":4,"column":77}},"type":"binary-expr","locations":[{"start":{"line":4,"column":8},"end":{"line":4,"column":35}},{"start":{"line":4,"column":39},"end":{"line":4,"column":77}}],"line":4},"5":{"loc":{"start":{"line":5,"column":58},"end":{"line":5,"column":150}},"type":"if","locations":[{"start":{"line":5,"column":58},"end":{"line":5,"column":150}},{"start":{"line":5,"column":58},"end":{"line":5,"column":150}}],"line":5},"6":{"loc":{"start":{"line":5,"column":85},"end":{"line":5,"column":149}},"type":"binary-expr","locations":[{"start":{"line":5,"column":86},"end":{"line":5,"column":143}},{"start":{"line":5,"column":148},"end":{"line":5,"column":149}}],"line":5},"7":{"loc":{"start":{"line":5,"column":86},"end":{"line":5,"column":143}},"type":"cond-expr","locations":[{"start":{"line":5,"column":94},"end":{"line":5,"column":98}},{"start":{"line":5,"column":101},"end":{"line":5,"column":143}}],"line":5},"8":{"loc":{"start":{"line":5,"column":101},"end":{"line":5,"column":143}},"type":"cond-expr","locations":[{"start":{"line":5,"column":109},"end":{"line":5,"column":126}},{"start":{"line":5,"column":129},"end":{"line":5,"column":143}}],"line":5},"9":{"loc":{"start":{"line":6,"column":11},"end":{"line":6,"column":62}},"type":"binary-expr","locations":[{"start":{"line":6,"column":11},"end":{"line":6,"column":16}},{"start":{"line":6,"column":20},"end":{"line":6,"column":21}},{"start":{"line":6,"column":25},"end":{"line":6,"column":62}}],"line":6},"10":{"loc":{"start":{"line":8,"column":17},"end":{"line":10,"column":1}},"type":"binary-expr","locations":[{"start":{"line":8,"column":18},"end":{"line":8,"column":22}},{"start":{"line":8,"column":26},"end":{"line":8,"column":41}},{"start":{"line":8,"column":46},"end":{"line":10,"column":1}}],"line":8},"11":{"loc":{"start":{"line":9,"column":4},"end":{"line":9,"column":109}},"type":"if","locations":[{"start":{"line":9,"column":4},"end":{"line":9,"column":109}},{"start":{"line":9,"column":4},"end":{"line":9,"column":109}}],"line":9},"12":{"loc":{"start":{"line":9,"column":8},"end":{"line":9,"column":77}},"type":"binary-expr","locations":[{"start":{"line":9,"column":8},"end":{"line":9,"column":35}},{"start":{"line":9,"column":39},"end":{"line":9,"column":77}}],"line":9},"13":{"loc":{"start":{"line":11,"column":22},"end":{"line":13,"column":1}},"type":"binary-expr","locations":[{"start":{"line":11,"column":23},"end":{"line":11,"column":27}},{"start":{"line":11,"column":31},"end":{"line":11,"column":51}},{"start":{"line":11,"column":56},"end":{"line":13,"column":1}}],"line":11},"14":{"loc":{"start":{"line":12,"column":11},"end":{"line":12,"column":61}},"type":"cond-expr","locations":[{"start":{"line":12,"column":37},"end":{"line":12,"column":40}},{"start":{"line":12,"column":43},"end":{"line":12,"column":61}}],"line":12},"15":{"loc":{"start":{"line":12,"column":12},"end":{"line":12,"column":33}},"type":"binary-expr","locations":[{"start":{"line":12,"column":12},"end":{"line":12,"column":15}},{"start":{"line":12,"column":19},"end":{"line":12,"column":33}}],"line":12}},"s":{"0":1,"1":1,"2":1,"3":1,"4":1,"5":0,"6":0,"7":0,"8":0,"9":1,"10":1,"11":1,"12":1,"13":1,"14":1,"15":1,"16":1,"17":1,"18":1,"19":1,"20":2,"21":2,"22":2,"23":1,"24":1},"f":{"0":1,"1":1,"2":1,"3":1,"4":2},"b":{"0":[1,1,1],"1":[1,0],"2":[0,0],"3":[1,0],"4":[1,1],"5":[0,0],"6":[0,0],"7":[0,0],"8":[0,0],"9":[1,0,0],"10":[1,1,1],"11":[1,0],"12":[1,1],"13":[1,1,1],"14":[1,0],"15":[1,1]},"inputSourceMap":{"version":3,"file":"/home/dariel/Desktop/code-chanllenges/immfly/api-playground/src/controllers/reverse.controller.ts","sources":["/home/dariel/Desktop/code-chanllenges/immfly/api-playground/src/controllers/reverse.controller.ts"],"names":[],"mappings":";;;;;;;;;;;;;;AACA,mCAAiC;AACjC,kFAAyD;AAGzD,IAAqB,iBAAiB,GAAtC,MAAqB,iBAAiB;IAElC,YACY,cAA8B;QAA9B,mBAAc,GAAd,cAAc,CAAgB;IACvC,CAAC;IAEG,eAAe,CAAC,GAAY,EAAE,GAAa;QAE9C,MAAM,IAAI,GAAW,GAAG,CAAC,MAAM,CAAC,QAAkB,CAAC;QAEnD,MAAM,aAAa,GAAW,IAAI,CAAC,cAAc,CAAC,iBAAiB,CAAC,IAAI,CAAC,CAAC;QAE1E,OAAO,GAAG,CAAC,MAAM,CAAC,GAAG,CAAC,CAAC,IAAI,CAAC,EAAE,IAAI,EAAE,aAAa,EAAE,CAAC,CAAC;IACzD,CAAC;CACJ,CAAA;AAdoB,iBAAiB;IADrC,gBAAO,EAAE;qCAIsB,yBAAc;GAHzB,iBAAiB,CAcrC;kBAdoB,iBAAiB","sourcesContent":["import { Request, Response } from 'express';\nimport { Service } from 'typedi';\nimport ReverseService from '../services/reverse.service';\n\n@Service()\nexport default class ReverseController {\n\n    constructor (\n        private reverseService: ReverseService\n    ) {}\n\n    public getReversedData(req: Request, res: Response): Response {\n\n        const data: string = req.params.urlParam as string;\n\n        const processedData: string = this.reverseService.getProcessedParam(data);\n\n        return res.status(200).json({ data: processedData });\n    }\n}"]},"_coverageSchema":"1a1c01bbd47fc00a2c39e90264f33305004495a9","hash":"ddf69fe9d943d7a149378646cdc333e0e82a551b","contentHash":"f4febc3a53a8b004bb4bf7ab0ce7cbe4e5d5e14cde6f680c978745cc08b5f237"},"/home/dariel/Desktop/code-chanllenges/immfly/api-playground/src/services/reverse.service.ts":{"path":"/home/dariel/Desktop/code-chanllenges/immfly/api-playground/src/services/reverse.service.ts","statementMap":{"0":{"start":{"line":2,"column":17},"end":{"line":7,"column":1}},"1":{"start":{"line":3,"column":12},"end":{"line":3,"column":28}},"2":{"start":{"line":3,"column":34},"end":{"line":3,"column":125}},"3":{"start":{"line":4,"column":4},"end":{"line":5,"column":150}},"4":{"start":{"line":4,"column":79},"end":{"line":4,"column":131}},"5":{"start":{"line":5,"column":9},"end":{"line":5,"column":150}},"6":{"start":{"line":5,"column":22},"end":{"line":5,"column":43}},"7":{"start":{"line":5,"column":58},"end":{"line":5,"column":150}},"8":{"start":{"line":5,"column":81},"end":{"line":5,"column":150}},"9":{"start":{"line":6,"column":4},"end":{"line":6,"column":66}},"10":{"start":{"line":8,"column":17},"end":{"line":10,"column":1}},"11":{"start":{"line":9,"column":4},"end":{"line":9,"column":109}},"12":{"start":{"line":9,"column":79},"end":{"line":9,"column":109}},"13":{"start":{"line":11,"column":0},"end":{"line":11,"column":62}},"14":{"start":{"line":12,"column":17},"end":{"line":12,"column":34}},"15":{"start":{"line":13,"column":21},"end":{"line":45,"column":1}},"16":{"start":{"line":16,"column":32},"end":{"line":16,"column":60}},"17":{"start":{"line":17,"column":33},"end":{"line":17,"column":81}},"18":{"start":{"line":18,"column":8},"end":{"line":18,"column":41}},"19":{"start":{"line":21,"column":8},"end":{"line":23,"column":23}},"20":{"start":{"line":26,"column":8},"end":{"line":31,"column":11}},"21":{"start":{"line":27,"column":12},"end":{"line":29,"column":13}},"22":{"start":{"line":28,"column":16},"end":{"line":28,"column":44}},"23":{"start":{"line":30,"column":12},"end":{"line":30,"column":26}},"24":{"start":{"line":40,"column":28},"end":{"line":40,"column":38}},"25":{"start":{"line":41,"column":8},"end":{"line":43,"column":20}},"26":{"start":{"line":46,"column":0},"end":{"line":49,"column":19}},"27":{"start":{"line":50,"column":0},"end":{"line":50,"column":33}}},"fnMap":{"0":{"name":"(anonymous_0)","decl":{"start":{"line":2,"column":46},"end":{"line":2,"column":47}},"loc":{"start":{"line":2,"column":87},"end":{"line":7,"column":1}},"line":2},"1":{"name":"(anonymous_1)","decl":{"start":{"line":8,"column":46},"end":{"line":8,"column":47}},"loc":{"start":{"line":8,"column":62},"end":{"line":10,"column":1}},"line":8},"2":{"name":"(anonymous_2)","decl":{"start":{"line":14,"column":4},"end":{"line":14,"column":5}},"loc":{"start":{"line":14,"column":18},"end":{"line":14,"column":21}},"line":14},"3":{"name":"(anonymous_3)","decl":{"start":{"line":15,"column":4},"end":{"line":15,"column":5}},"loc":{"start":{"line":15,"column":32},"end":{"line":19,"column":5}},"line":15},"4":{"name":"(anonymous_4)","decl":{"start":{"line":20,"column":4},"end":{"line":20,"column":5}},"loc":{"start":{"line":20,"column":24},"end":{"line":24,"column":5}},"line":20},"5":{"name":"(anonymous_5)","decl":{"start":{"line":25,"column":4},"end":{"line":25,"column":5}},"loc":{"start":{"line":25,"column":40},"end":{"line":32,"column":5}},"line":25},"6":{"name":"(anonymous_6)","decl":{"start":{"line":26,"column":27},"end":{"line":26,"column":28}},"loc":{"start":{"line":26,"column":39},"end":{"line":31,"column":9}},"line":26},"7":{"name":"(anonymous_7)","decl":{"start":{"line":39,"column":4},"end":{"line":39,"column":5}},"loc":{"start":{"line":39,"column":20},"end":{"line":44,"column":5}},"line":39}},"branchMap":{"0":{"loc":{"start":{"line":2,"column":17},"end":{"line":7,"column":1}},"type":"binary-expr","locations":[{"start":{"line":2,"column":18},"end":{"line":2,"column":22}},{"start":{"line":2,"column":26},"end":{"line":2,"column":41}},{"start":{"line":2,"column":46},"end":{"line":7,"column":1}}],"line":2},"1":{"loc":{"start":{"line":3,"column":34},"end":{"line":3,"column":125}},"type":"cond-expr","locations":[{"start":{"line":3,"column":42},"end":{"line":3,"column":48}},{"start":{"line":3,"column":51},"end":{"line":3,"column":125}}],"line":3},"2":{"loc":{"start":{"line":3,"column":51},"end":{"line":3,"column":125}},"type":"cond-expr","locations":[{"start":{"line":3,"column":67},"end":{"line":3,"column":118}},{"start":{"line":3,"column":121},"end":{"line":3,"column":125}}],"line":3},"3":{"loc":{"start":{"line":4,"column":4},"end":{"line":5,"column":150}},"type":"if","locations":[{"start":{"line":4,"column":4},"end":{"line":5,"column":150}},{"start":{"line":4,"column":4},"end":{"line":5,"column":150}}],"line":4},"4":{"loc":{"start":{"line":4,"column":8},"end":{"line":4,"column":77}},"type":"binary-expr","locations":[{"start":{"line":4,"column":8},"end":{"line":4,"column":35}},{"start":{"line":4,"column":39},"end":{"line":4,"column":77}}],"line":4},"5":{"loc":{"start":{"line":5,"column":58},"end":{"line":5,"column":150}},"type":"if","locations":[{"start":{"line":5,"column":58},"end":{"line":5,"column":150}},{"start":{"line":5,"column":58},"end":{"line":5,"column":150}}],"line":5},"6":{"loc":{"start":{"line":5,"column":85},"end":{"line":5,"column":149}},"type":"binary-expr","locations":[{"start":{"line":5,"column":86},"end":{"line":5,"column":143}},{"start":{"line":5,"column":148},"end":{"line":5,"column":149}}],"line":5},"7":{"loc":{"start":{"line":5,"column":86},"end":{"line":5,"column":143}},"type":"cond-expr","locations":[{"start":{"line":5,"column":94},"end":{"line":5,"column":98}},{"start":{"line":5,"column":101},"end":{"line":5,"column":143}}],"line":5},"8":{"loc":{"start":{"line":5,"column":101},"end":{"line":5,"column":143}},"type":"cond-expr","locations":[{"start":{"line":5,"column":109},"end":{"line":5,"column":126}},{"start":{"line":5,"column":129},"end":{"line":5,"column":143}}],"line":5},"9":{"loc":{"start":{"line":6,"column":11},"end":{"line":6,"column":62}},"type":"binary-expr","locations":[{"start":{"line":6,"column":11},"end":{"line":6,"column":16}},{"start":{"line":6,"column":20},"end":{"line":6,"column":21}},{"start":{"line":6,"column":25},"end":{"line":6,"column":62}}],"line":6},"10":{"loc":{"start":{"line":8,"column":17},"end":{"line":10,"column":1}},"type":"binary-expr","locations":[{"start":{"line":8,"column":18},"end":{"line":8,"column":22}},{"start":{"line":8,"column":26},"end":{"line":8,"column":41}},{"start":{"line":8,"column":46},"end":{"line":10,"column":1}}],"line":8},"11":{"loc":{"start":{"line":9,"column":4},"end":{"line":9,"column":109}},"type":"if","locations":[{"start":{"line":9,"column":4},"end":{"line":9,"column":109}},{"start":{"line":9,"column":4},"end":{"line":9,"column":109}}],"line":9},"12":{"loc":{"start":{"line":9,"column":8},"end":{"line":9,"column":77}},"type":"binary-expr","locations":[{"start":{"line":9,"column":8},"end":{"line":9,"column":35}},{"start":{"line":9,"column":39},"end":{"line":9,"column":77}}],"line":9},"13":{"loc":{"start":{"line":27,"column":12},"end":{"line":29,"column":13}},"type":"if","locations":[{"start":{"line":27,"column":12},"end":{"line":29,"column":13}},{"start":{"line":27,"column":12},"end":{"line":29,"column":13}}],"line":27},"14":{"loc":{"start":{"line":41,"column":15},"end":{"line":43,"column":19}},"type":"cond-expr","locations":[{"start":{"line":42,"column":14},"end":{"line":42,"column":18}},{"start":{"line":43,"column":14},"end":{"line":43,"column":19}}],"line":41}},"s":{"0":1,"1":1,"2":1,"3":1,"4":1,"5":0,"6":0,"7":0,"8":0,"9":1,"10":1,"11":1,"12":1,"13":1,"14":1,"15":1,"16":3,"17":3,"18":3,"19":5,"20":4,"21":22,"22":13,"23":9,"24":42,"25":42,"26":1,"27":1},"f":{"0":1,"1":1,"2":2,"3":3,"4":5,"5":4,"6":22,"7":42},"b":{"0":[1,1,1],"1":[1,0],"2":[0,0],"3":[1,0],"4":[1,1],"5":[0,0],"6":[0,0],"7":[0,0],"8":[0,0],"9":[1,0,0],"10":[1,1,1],"11":[1,0],"12":[1,1],"13":[13,9],"14":[23,19]},"inputSourceMap":{"version":3,"file":"/home/dariel/Desktop/code-chanllenges/immfly/api-playground/src/services/reverse.service.ts","sources":["/home/dariel/Desktop/code-chanllenges/immfly/api-playground/src/services/reverse.service.ts"],"names":[],"mappings":";;;;;;;;;;;AAAA,mCAAiC;AAGjC,IAAqB,cAAc,GAAnC,MAAqB,cAAc;IAE/B,gBAAgB,CAAC;IAEV,iBAAiB,CAAC,QAAgB;QACrC,MAAM,eAAe,GAAa,IAAI,CAAC,aAAa,CAAC,QAAQ,CAAC,CAAC;QAC/D,MAAM,gBAAgB,GAAa,IAAI,CAAC,0BAA0B,CAAC,eAAe,CAAC,CAAC;QACpF,OAAO,gBAAgB,CAAC,IAAI,CAAC,EAAE,CAAC,CAAC;IACrC,CAAC;IAEM,aAAa,CAAC,IAAY;QAC7B,OAAO,IAAI;aACN,KAAK,CAAC,EAAE,CAAC;aACT,OAAO,EAAE,CAAC;IACnB,CAAC;IAEM,0BAA0B,CAAC,OAAiB;QAC/C,OAAO,OAAO,CAAC,GAAG,CAAC,CAAC,MAAc,EAAE,EAAE;YAClC,IAAI,IAAI,CAAC,OAAO,CAAC,MAAM,CAAC,EAAE;gBACtB,OAAO,MAAM,CAAC,WAAW,EAAE,CAAC;aAC/B;YAED,OAAO,MAAM,CAAC;QAClB,CAAC,CAAC,CAAA;IACN,CAAC;IAED;;;;;OAKG;IACI,OAAO,CAAC,MAAc;QACzB,MAAM,WAAW,GAAW,UAAU,CAAC;QAEvC,OAAO,MAAM,CAAC,KAAK,CAAC,WAAW,CAAC;YAC5B,CAAC,CAAC,IAAI;YACN,CAAC,CAAC,KAAK,CAAC;IAChB,CAAC;CACJ,CAAA;AAvCoB,cAAc;IADlC,gBAAO,EAAE;;GACW,cAAc,CAuClC;kBAvCoB,cAAc","sourcesContent":["import { Service } from \"typedi\";\n\n@Service()\nexport default class ReverseService {\n\n    constructor() { }\n\n    public getProcessedParam(urlParam: string): string {\n        const reversedLetters: string[] = this.reverseString(urlParam);\n        const processedLetters: string[] = this.transformVowelsToUppercase(reversedLetters);\n        return processedLetters.join('');\n    }\n\n    public reverseString(data: string): string[] {\n        return data\n            .split('')\n            .reverse();\n    }\n\n    public transformVowelsToUppercase(letters: string[]): string[] {\n        return letters.map((letter: string) => {\n            if (this.isVowel(letter)) {\n                return letter.toUpperCase();\n            }\n\n            return letter;\n        })\n    }\n\n    /**\n     * Caution!!!\n     *\n     * This logic return true if @param letter contains a vowel.\n     * Therefore, the input param MUST be a single character to properly check if it's a vowel\n     */\n    public isVowel(letter: string): boolean {\n        const vowelsRegex: RegExp = /[aeiou]/i;\n\n        return letter.match(vowelsRegex)\n            ? true\n            : false;\n    }\n}"]},"_coverageSchema":"1a1c01bbd47fc00a2c39e90264f33305004495a9","hash":"6b478a878090d46683e9ccaaf431ab25cdee29df","contentHash":"6ed563d3e73b0ba3f0957de9b850cd320580eda89c281c5c90d93bffba4239da"},"/home/dariel/Desktop/code-chanllenges/immfly/api-playground/src/routes/api-operations.routes.ts":{"path":"/home/dariel/Desktop/code-chanllenges/immfly/api-playground/src/routes/api-operations.routes.ts","statementMap":{"0":{"start":{"line":2,"column":22},"end":{"line":4,"column":1}},"1":{"start":{"line":3,"column":4},"end":{"line":3,"column":62}},"2":{"start":{"line":5,"column":0},"end":{"line":5,"column":62}},"3":{"start":{"line":6,"column":18},"end":{"line":6,"column":36}},"4":{"start":{"line":7,"column":17},"end":{"line":7,"column":51}},"5":{"start":{"line":8,"column":35},"end":{"line":8,"column":102}},"6":{"start":{"line":11,"column":8},"end":{"line":11,"column":41}},"7":{"start":{"line":12,"column":8},"end":{"line":12,"column":83}},"8":{"start":{"line":13,"column":8},"end":{"line":13,"column":25}},"9":{"start":{"line":16,"column":8},"end":{"line":16,"column":90}},"10":{"start":{"line":16,"column":43},"end":{"line":16,"column":88}},"11":{"start":{"line":19,"column":8},"end":{"line":19,"column":27}},"12":{"start":{"line":22,"column":15},"end":{"line":22,"column":27}},"13":{"start":{"line":23,"column":0},"end":{"line":23,"column":37}}},"fnMap":{"0":{"name":"(anonymous_0)","decl":{"start":{"line":2,"column":56},"end":{"line":2,"column":57}},"loc":{"start":{"line":2,"column":71},"end":{"line":4,"column":1}},"line":2},"1":{"name":"(anonymous_1)","decl":{"start":{"line":10,"column":4},"end":{"line":10,"column":5}},"loc":{"start":{"line":10,"column":18},"end":{"line":14,"column":5}},"line":10},"2":{"name":"(anonymous_2)","decl":{"start":{"line":15,"column":4},"en
[...]
":17},"end":{"line":15,"column":34}},"17":{"start":{"line":16,"column":33},"end":{"line":16,"column":95}},"18":{"start":{"line":17,"column":29},"end":{"line":34,"column":1}},"19":{"start":{"line":19,"column":8},"end":{"line":19,"column":57}},"20":{"start":{"line":22,"column":53},"end":{"line":22,"column":62}},"21":{"start":{"line":23,"column":8},"end":{"line":26,"column":39}},"22":{"start":{"line":26,"column":12},"end":{"line":26,"column":39}},"23":{"start":{"line":27,"column":28},"end":{"line":30,"column":9}},"24":{"start":{"line":31,"column":30},"end":{"line":31,"column":88}},"25":{"start":{"line":32,"column":8},"end":{"line":32,"column":61}},"26":{"start":{"line":35,"column":0},"end":{"line":38,"column":27}},"27":{"start":{"line":39,"column":0},"end":{"line":39,"column":41}}},"fnMap":{"0":{"name":"(anonymous_0)","decl":{"start":{"line":2,"column":46},"end":{"line":2,"column":47}},"loc":{"start":{"line":2,"column":87},"end":{"line":7,"column":1}},"line":2},"1":{"name":"(anonymous_1)","decl":{"start":{"line":8,"column":46},"end":{"line":8,"column":47}},"loc":{"start":{"line":8,"column":62},"end":{"line":10,"column":1}},"line":8},"2":{"name":"(anonymous_2)","decl":{"start":{"line":11,"column":56},"end":{"line":11,"column":57}},"loc":{"start":{"line":11,"column":71},"end":{"line":13,"column":1}},"line":11},"3":{"name":"(anonymous_3)","decl":{"start":{"line":18,"column":4},"end":{"line":18,"column":5}},"loc":{"start":{"line":18,"column":38},"end":{"line":20,"column":5}},"line":18},"4":{"name":"(anonymous_4)","decl":{"start":{"line":21,"column":4},"end":{"line":21,"column":5}},"loc":{"start":{"line":21,"column":34},"end":{"line":33,"column":5}},"line":21}},"branchMap":{"0":{"loc":{"start":{"line":2,"column":17},"end":{"line":7,"column":1}},"type":"binary-expr","locations":[{"start":{"line":2,"column":18},"end":{"line":2,"column":22}},{"start":{"line":2,"column":26},"end":{"line":2,"column":41}},{"start":{"line":2,"column":46},"end":{"line":7,"column":1}}],"line":2},"1":{"loc":{"start":{"line":3,"column":34},"end":{"line":3,"column":125}},"type":"cond-expr","locations":[{"start":{"line":3,"column":42},"end":{"line":3,"column":48}},{"start":{"line":3,"column":51},"end":{"line":3,"column":125}}],"line":3},"2":{"loc":{"start":{"line":3,"column":51},"end":{"line":3,"column":125}},"type":"cond-expr","locations":[{"start":{"line":3,"column":67},"end":{"line":3,"column":118}},{"start":{"line":3,"column":121},"end":{"line":3,"column":125}}],"line":3},"3":{"loc":{"start":{"line":4,"column":4},"end":{"line":5,"column":150}},"type":"if","locations":[{"start":{"line":4,"column":4},"end":{"line":5,"column":150}},{"start":{"line":4,"column":4},"end":{"line":5,"column":150}}],"line":4},"4":{"loc":{"start":{"line":4,"column":8},"end":{"line":4,"column":77}},"type":"binary-expr","locations":[{"start":{"line":4,"column":8},"end":{"line":4,"column":35}},{"start":{"line":4,"column":39},"end":{"line":4,"column":77}}],"line":4},"5":{"loc":{"start":{"line":5,"column":58},"end":{"line":5,"column":150}},"type":"if","locations":[{"start":{"line":5,"column":58},"end":{"line":5,"column":150}},{"start":{"line":5,"column":58},"end":{"line":5,"column":150}}],"line":5},"6":{"loc":{"start":{"line":5,"column":85},"end":{"line":5,"column":149}},"type":"binary-expr","locations":[{"start":{"line":5,"column":86},"end":{"line":5,"column":143}},{"start":{"line":5,"column":148},"end":{"line":5,"column":149}}],"line":5},"7":{"loc":{"start":{"line":5,"column":86},"end":{"line":5,"column":143}},"type":"cond-expr","locations":[{"start":{"line":5,"column":94},"end":{"line":5,"column":98}},{"start":{"line":5,"column":101},"end":{"line":5,"column":143}}],"line":5},"8":{"loc":{"start":{"line":5,"column":101},"end":{"line":5,"column":143}},"type":"cond-expr","locations":[{"start":{"line":5,"column":109},"end":{"line":5,"column":126}},{"start":{"line":5,"column":129},"end":{"line":5,"column":143}}],"line":5},"9":{"loc":{"start":{"line":6,"column":11},"end":{"line":6,"column":62}},"type":"binary-expr","locations":[{"start":{"line":6,"column":11},"end":{"line":6,"column":16}},{"start":{"line":6,"column":20},"end":{"line":6,"column":21}},{"start":{"line":6,"column":25},"end":{"line":6,"column":62}}],"line":6},"10":{"loc":{"start":{"line":8,"column":17},"end":{"line":10,"column":1}},"type":"binary-expr","locations":[{"start":{"line":8,"column":18},"end":{"line":8,"column":22}},{"start":{"line":8,"column":26},"end":{"line":8,"column":41}},{"start":{"line":8,"column":46},"end":{"line":10,"column":1}}],"line":8},"11":{"loc":{"start":{"line":9,"column":4},"end":{"line":9,"column":109}},"type":"if","locations":[{"start":{"line":9,"column":4},"end":{"line":9,"column":109}},{"start":{"line":9,"column":4},"end":{"line":9,"column":109}}],"line":9},"12":{"loc":{"start":{"line":9,"column":8},"end":{"line":9,"column":77}},"type":"binary-expr","locations":[{"start":{"line":9,"column":8},"end":{"line":9,"column":35}},{"start":{"line":9,"column":39},"end":{"line":9,"column":77}}],"line":9},"13":{"loc":{"start":{"line":11,"column":22},"end":{"line":13,"column":1}},"type":"binary-expr","locations":[{"start":{"line":11,"column":23},"end":{"line":11,"column":27}},{"start":{"line":11,"column":31},"end":{"line":11,"column":51}},{"start":{"line":11,"column":56},"end":{"line":13,"column":1}}],"line":11},"14":{"loc":{"start":{"line":12,"column":11},"end":{"line":12,"column":61}},"type":"cond-expr","locations":[{"start":{"line":12,"column":37},"end":{"line":12,"column":40}},{"start":{"line":12,"column":43},"end":{"line":12,"column":61}}],"line":12},"15":{"loc":{"start":{"line":12,"column":12},"end":{"line":12,"column":33}},"type":"binary-expr","locations":[{"start":{"line":12,"column":12},"end":{"line":12,"column":15}},{"start":{"line":12,"column":19},"end":{"line":12,"column":33}}],"line":12},"16":{"loc":{"start":{"line":23,"column":8},"end":{"line":26,"column":39}},"type":"if","locations":[{"start":{"line":23,"column":8},"end":{"line":26,"column":39}},{"start":{"line":23,"column":8},"end":{"line":26,"column":39}}],"line":23},"17":{"loc":{"start":{"line":23,"column":12},"end":{"line":25,"column":54}},"type":"binary-expr","locations":[{"start":{"line":23,"column":13},"end":{"line":23,"column":24}},{"start":{"line":23,"column":28},"end":{"line":23,"column":37}},{"start":{"line":24,"column":13},"end":{"line":24,"column":23}},{"start":{"line":24,"column":27},"end":{"line":24,"column":57}},{"start":{"line":25,"column":13},"end":{"line":25,"column":21}},{"start":{"line":25,"column":25},"end":{"line":25,"column":53}}],"line":23},"18":{"loc":{"start":{"line":28,"column":19},"end":{"line":28,"column":54}},"type":"cond-expr","locations":[{"start":{"line":28,"column":32},"end":{"line":28,"column":42}},{"start":{"line":28,"column":45},"end":{"line":28,"column":54}}],"line":28},"19":{"loc":{"start":{"line":29,"column":17},"end":{"line":29,"column":48}},"type":"cond-expr","locations":[{"start":{"line":29,"column":28},"end":{"line":29,"column":36}},{"start":{"line":29,"column":39},"end":{"line":29,"column":48}}],"line":29}},"s":{"0":1,"1":1,"2":1,"3":1,"4":1,"5":0,"6":0,"7":0,"8":0,"9":1,"10":1,"11":1,"12":1,"13":1,"14":1,"15":1,"16":1,"17":1,"18":1,"19":1,"20":4,"21":4,"22":1,"23":3,"24":3,"25":3,"26":1,"27":1},"f":{"0":1,"1":1,"2":1,"3":1,"4":4},"b":{"0":[1,1,1],"1":[1,0],"2":[0,0],"3":[1,0],"4":[1,1],"5":[0,0],"6":[0,0],"7":[0,0],"8":[0,0],"9":[1,0,0],"10":[1,1,1],"11":[1,0],"12":[1,1],"13":[1,1,1],"14":[1,0],"15":[1,1],"16":[1,3],"17":[4,2,3,2,3,2],"18":[2,1],"19":[2,1]},"inputSourceMap":{"version":3,"file":"/home/dariel/Desktop/code-chanllenges/immfly/api-playground/src/controllers/api-operation.controller.ts","sources":["/home/dariel/Desktop/code-chanllenges/immfly/api-playground/src/controllers/api-operation.controller.ts"],"names":[],"mappings":";;;;;;;;;;;;;;AACA,mCAAiC;AAEjC,gGAAsE;AAItE,IAAqB,sBAAsB,GAA3C,MAAqB,sBAAsB;IAEvC,YACY,oBAA0C;QAA1C,yBAAoB,GAApB,oBAAoB,CAAsB;IAClD,CAAC;IAEE,mBAAmB,CAAC,GAAY,EAAE,GAAa;QAElD,MAAM,EAAE,KAAK,EAAE,UAAU,EAAE,GAAG,EAAE,QAAQ,EAAE,GAAG,GAAG,CAAC,KAAK,CAAC;QAEvD,IACI,CAAC,CAAC,UAAU,IAAI,CAAC,QAAQ,CAAC;YAC1B,CAAC,UAAU,IAAI,OAAO,UAAU,KAAK,QAAQ,CAAC;YAC9C,CAAC,QAAQ,IAAI,OAAO,QAAQ,KAAK,QAAQ,CAAC;YAC5C,OAAO,GAAG,CAAC,UAAU,CAAC,GAAG,CAAC,CAAA;QAE5B,MAAM,WAAW,GAA6B;YAC1C,KAAK,EAAE,UAAU,CAAC,CAAC,CAAC,UAAU,CAAC,CAAC,CAAC,SAAS;YAC1C,GAAG,EAAE,QAAQ,CAAC,CAAC,CAAC,QAAQ,CAAC,CAAC,CAAC,SAAS;SACvC,CAAC;QAEF,MAAM,aAAa,GAAa,IAAI,CAAC,oBAAoB,CAAC,mBAAmB,CAAC,WAAW,CAAC,CAAC;QAE3F,OAAO,GAAG,CAAC,MAAM,CAAC,GAAG,CAAC,CAAC,IAAI,CAAC,EAAE,IAAI,EAAE,aAAa,EAAE,CAAC,CAAC;IACzD,CAAC;CACJ,CAAA;AAzBoB,sBAAsB;IAD1C,gBAAO,EAAE;qCAI4B,gCAAoB;GAHrC,sBAAsB,CAyB1C;kBAzBoB,sBAAsB","sourcesContent":["import { Request, Response } from \"express\";\nimport { Service } from \"typedi\";\nimport { ApiOperationsQueryParams } from \"../models/api-op-query-params.model\";\nimport ApiOperationsService from '../services/api-operations.service';\n\n\n@Service()\nexport default class ApiOperationController {\n\n    constructor(\n        private apiOperationsService: ApiOperationsService\n    ) { }\n\n    public updateApiOperations(req: Request, res: Response): Response {\n\n        const { start: startQuery, end: endQuery } = req.query;\n\n        if (\n            (!startQuery && !endQuery) ||\n            (startQuery && typeof startQuery !== 'string') ||\n            (endQuery && typeof endQuery !== 'string')\n        ) return res.sendStatus(400)\n\n        const queryParams: ApiOperationsQueryParams = {\n            start: startQuery ? startQuery : undefined,\n            end: endQuery ? endQuery : undefined\n        };\n\n        const apiOperations: string[] = this.apiOperationsService.updateApiOperations(queryParams);\n\n        return res.status(200).json({ data: apiOperations });\n    }\n}"]},"_coverageSchema":"1a1c01bbd47fc00a2c39e90264f33305004495a9","hash":"84d7b21ba3ffca0f4bfef36170a64a00e6b6036d","contentHash":"2ac662beb59e4ae59945388b4b9f0a23a50d78a74c93c722fbb55c6dfdeed658"},"/home/dariel/Desktop/code-chanllenges/immfly/api-playground/src/services/api-operations.service.ts":{"path":"/home/dariel/Desktop/code-chanllenges/immfly/api-playground/src/services/api-operations.service.ts","statementMap":{"0":{"start":{"line":2,"column":17},"end":{"line":7,"column":1}},"1":{"start":{"line":3,"column":12},"end":{"line":3,"column":28}},"2":{"start":{"line":3,"column":34},"end":{"line":3,"column":125}},"3":{"start":{"line":4,"column":4},"end":{"line":5,"column":150}},"4":{"start":{"line":4,"column":79},"end":{"line":4,"column":131}},"5":{"start":{"line":5,"column":9},"end":{"line":5,"column":150}},"6":{"start":{"line":5,"column":22},"end":{"line":5,"column":43}},"7":{"start":{"line":5,"column":58},"end":{"line":5,"column":150}},"8":{"start":{"line":5,"column":81},"end":{"line":5,"column":150}},"9":{"start":{"line":6,"column":4},"end":{"line":6,"column":66}},"10":{"start":{"line":8,"column":17},"end":{"line":10,"column":1}},"11":{"start":{"line":9,"column":4},"end":{"line":9,"column":109}},"12":{"start":{"line":9,"column":79},"end":{"line":9,"column":109}},"13":{"start":{"line":11,"column":22},"end":{"line":13,"column":1}},"14":{"start":{"line":12,"column":4},"end":{"line":12,"column":62}},"15":{"start":{"line":14,"column":0},"end":{"line":14,"column":62}},"16":{"start":{"line":15,"column":17},"end":{"line":15,"column":34}},"17":{"start":{"line":16,"column":17},"end":{"line":16,"column":51}},"18":{"start":{"line":17,"column":27},"end":{"line":33,"column":1}},"19":{"start":{"line":19,"column":8},"end":{"line":19,"column":32}},"20":{"start":{"line":20,"column":34},"end":{"line":20,"column":69}},"21":{"start":{"line":21,"column":8},"end":{"line":21,"column":54}},"22":{"start":{"line":24,"column":31},"end":{"line":24,"column":42}},"23":{"start":{"line":25,"column":8},"end":{"line":27,"column":9}},"24":{"start":{"line":26,"column":12},"end":{"line":26,"column":46}},"25":{"start":{"line":28,"column":8},"end":{"line":30,"column":9}},"26":{"start":{"line":29,"column":12},"end":{"line":29,"column":41}},"27":{"start":{"line":31,"column":8},"end":{"line":31,"column":34}},"28":{"start":{"line":34,"column":0},"end":{"line":37,"column":25}},"29":{"start":{"line":38,"column":0},"end":{"line":38,"column":39}}},"fnMap":{"0":{"name":"(anonymous_0)","decl":{"start":{"line":2,"column":46},"end":{"line":2,"column":47}},"loc":{"start":{"line":2,"column":87},"end":{"line":7,"column":1}},"line":2},"1":{"name":"(anonymous_1)","decl":{"start":{"line":8,"column":46},"end":{"line":8,"column":47}},"loc":{"start":{"line":8,"column":62},"end":{"line":10,"column":1}},"line":8},"2":{"name":"(anonymous_2)","decl":{"start":{"line":11,"column":56},"end":{"line":11,"column":57}},"loc":{"start":{"line":11,"column":71},"end":{"line":13,"column":1}},"line":11},"3":{"name":"(anonymous_3)","decl":{"start":{"line":18,"column":4},"end":{"line":18,"column":5}},"loc":{"start":{"line":18,"column":18},"end":{"line":22,"column":5}},"line":18},"4":{"name":"(anonymous_4)","decl":{"start":{"line":23,"column":4},"end":{"line":23,"column":5}},"loc":{"start":{"line":23,"column":37},"end":{"line":32,"column":5}},"line":23}},"branchMap":{"0":{"loc":{"start":{"line":2,"column":17},"end":{"line":7,"column":1}},"type":"binary-expr","locations":[{"start":{"line":2,"column":18},"end":{"line":2,"column":22}},{"start":{"line":2,"column":26},"end":{"line":2,"column":41}},{"start":{"line":2,"column":46},"end":{"line":7,"column":1}}],"line":2},"1":{"loc":{"start":{"line":3,"column":34},"end":{"line":3,"column":125}},"type":"cond-expr","locations":[{"start":{"line":3,"column":42},"end":{"line":3,"column":48}},{"start":{"line":3,"column":51},"end":{"line":3,"column":125}}],"line":3},"2":{"loc":{"start":{"line":3,"column":51},"end":{"line":3,"column":125}},"type":"cond-expr","locations":[{"start":{"line":3,"column":67},"end":{"line":3,"column":118}},{"start":{"line":3,"column":121},"end":{"line":3,"column":125}}],"line":3},"3":{"loc":{"start":{"line":4,"column":4},"end":{"line":5,"column":150}},"type":"if","locations":[{"start":{"line":4,"column":4},"end":{"line":5,"column":150}},{"start":{"line":4,"column":4},"end":{"line":5,"column":150}}],"line":4},"4":{"loc":{"start":{"line":4,"column":8},"end":{"line":4,"column":77}},"type":"binary-expr","locations":[{"start":{"line":4,"column":8},"end":{"line":4,"column":35}},{"start":{"line":4,"column":39},"end":{"line":4,"column":77}}],"line":4},"5":{"loc":{"start":{"line":5,"column":58},"end":{"line":5,"column":150}},"type":"if","locations":[{"start":{"line":5,"column":58},"end":{"line":5,"column":150}},{"start":{"line":5,"column":58},"end":{"line":5,"column":150}}],"line":5},"6":{"loc":{"start":{"line":5,"column":85},"end":{"line":5,"column":149}},"type":"binary-expr","locations":[{"start":{"line":5,"column":86},"end":{"line":5,"column":143}},{"start":{"line":5,"column":148},"end":{"line":5,"column":149}}],"line":5},"7":{"loc":{"start":{"line":5,"column":86},"end":{"line":5,"column":143}},"type":"cond-expr","locations":[{"start":{"line":5,"column":94},"end":{"line":5,"column":98}},{"start":{"line":5,"column":101},"end":{"line":5,"column":143}}],"line":5},"8":{"loc":{"start":{"line":5,"column":101},"end":{"line":5,"column":143}},"type":"cond-expr","locations":[{"start":{"line":5,"column":109},"end":{"line":5,"column":126}},{"start":{"line":5,"column":129},"end":{"line":5,"column":143}}],"line":5},"9":{"loc":{"start":{"line":6,"column":11},"end":{"line":6,"column":62}},"type":"binary-expr","locations":[{"start":{"line":6,"column":11},"end":{"line":6,"column":16}},{"start":{"line":6,"column":20},"end":{"line":6,"column":21}},{"start":{"line":6,"column":25},"end":{"line":6,"column":62}}],"line":6},"10":{"loc":{"start":{"line":8,"column":17},"end":{"line":10,"column":1}},"type":"binary-expr","locations":[{"start":{"line":8,"column":18},"end":{"line":8,"column":22}},{"start":{"line":8,"column":26},"end":{"line":8,"column":41}},{"start":{"line":8,"column":46},"end":{"line":10,"column":1}}],"line":8},"11":{"loc":{"start":{"line":9,"column":4},"end":{"line":9,"column":109}},"type":"if","locations":[{"start":{"line":9,"column":4},"end":{"line":9,"column":109}},{"start":{"line":9,"column":4},"end":{"line":9,"column":109}}],"line":9},"12":{"loc":{"start":{"line":9,"column":8},"end":{"line":9,"column":77}},"type":"binary-expr","locations":[{"start":{"line":9,"column":8},"end":{"line":9,"column":35}},{"start":{"line":9,"column":39},"end":{"line":9,"column":77}}],"line":9},"13":{"loc":{"start":{"line":11,"column":22},"end":{"line":13,"column":1}},"type":"binary-expr","locations":[{"start":{"line":11,"column":23},"end":{"line":11,"column":27}},{"start":{"line":11,"column":31},"end":{"line":11,"column":51}},{"start":{"line":11,"column":56},"end":{"line":13,"column":1}}],"line":11},"14":{"loc":{"start":{"line":12,"column":11},"end":{"line":12,"column":61}},"type":"cond-expr","locations":[{"start":{"line":12,"column":37},"end":{"line":12,"column":40}},{"start":{"line":12,"column":43},"end":{"line":12,"column":61}}],"line":12},"15":{"loc":{"start":{"line":12,"column":12},"end":{"line":12,"column":33}},"type":"binary-expr","locations":[{"start":{"line":12,"column":12},"end":{"line":12,"column":15}},{"start":{"line":12,"column":19},"end":{"line":12,"column":33}}],"line":12},"16":{"loc":{"start":{"line":25,"column":8},"end":{"line":27,"column":9}},"type":"if","locations":[{"start":{"line":25,"column":8},"end":{"line":27,"column":9}},{"start":{"line":25,"column":8},"end":{"line":27,"column":9}}],"line":25},"17":{"loc":{"start":{"line":28,"column":8},"end":{"line":30,"column":9}},"type":"if","locations":[{"start":{"line":28,"column":8},"end":{"line":30,"column":9}},{"start":{"line":28,"column":8},"end":{"line":30,"column":9}}],"line":28}},"s":{"0":1,"1":1,"2":1,"3":1,"4":1,"5":0,"6":0,"7":0,"8":0,"9":1,"10":1,"11":1,"12":1,"13":1,"14":1,"15":1,"16":1,"17":1,"18":1,"19":2,"20":2,"21":2,"22":7,"23":7,"24":4,"25":7,"26":4,"27":7,"28":1,"29":1},"f":{"0":1,"1":1,"2":1,"3":2,"4":7},"b":{"0":[1,1,1],"1":[1,0],"2":[0,0],"3":[1,0],"4":[1,1],"5":[0,0],"6":[0,0],"7":[0,0],"8":[0,0],"9":[1,0,0],"10":[1,1,1],"11":[1,0],"12":[1,1],"13":[1,1,1],"14":[0,1],"15":[1,1],"16":[4,3],"17":[4,3]},"inputSourceMap":{"version":3,"file":"/home/dariel/Desktop/code-chanllenges/immfly/api-playground/src/services/api-operations.service.ts","sources":["/home/dariel/Desktop/code-chanllenges/immfly/api-playground/src/services/api-operations.service.ts"],"names":[],"mappings":";;;;;;;;;;;;;;AAAA,mCAAiC;AACjC,oDAA4B;AAI5B,IAAqB,oBAAoB,GAAzC,MAAqB,oBAAoB;IAIrC;QAFQ,kBAAa,GAAa,EAAE,CAAC;QAGjC,MAAM,iBAAiB,GAAG,gBAAM,CAAC,GAAG,CAAC,aAAa,CAAa,CAAC;QAChE,IAAI,CAAC,aAAa,CAAC,IAAI,CAAC,GAAG,iBAAiB,CAAC,CAAC;IAClD,CAAC;IAEM,mBAAmB,CAAC,WAAqC;QAE5D,MAAM,EAAE,KAAK,EAAE,GAAG,EAAE,GAAG,WAAW,CAAC;QAEnC,IAAI,KAAK,EAAE;YACP,IAAI,CAAC,aAAa,CAAC,OAAO,CAAC,KAAK,CAAC,CAAC;SACrC;QAED,IAAI,GAAG,EAAE;YACL,IAAI,CAAC,aAAa,CAAC,IAAI,CAAC,GAAG,CAAC,CAAC;SAChC;QAED,OAAO,IAAI,CAAC,aAAa,CAAC;IAC9B,CAAC;CACJ,CAAA;AAvBoB,oBAAoB;IADxC,gBAAO,EAAE;;GACW,oBAAoB,CAuBxC;kBAvBoB,oBAAoB","sourcesContent":["import { Service } from \"typedi\";\nimport config from 'config';\nimport { ApiOperationsQueryParams } from \"../models/api-op-query-params.model\";\n\n@Service()\nexport default class ApiOperationsService {\n\n    private apiOperations: string[] = [];\n\n    constructor() {\n        const operationsDefault = config.get('simpleArray') as string[];\n        this.apiOperations.push(...operationsDefault);\n    }\n\n    public updateApiOperations(queryParams: ApiOperationsQueryParams): string[] {\n\n        const { start, end } = queryParams;\n\n        if (start) {\n            this.apiOperations.unshift(start);\n        }\n\n        if (end) {\n            this.apiOperations.push(end);\n        }\n\n        return this.apiOperations;\n    }\n}"]},"_coverageSchema":"1a1c01bbd47fc00a2c39e90264f33305004495a9","hash":"62e79c25457b55151887fccc11c9f93989f167a5","contentHash":"404a1427ba98582b09938fb5025fe8910b166400a24f7c697c211a4be1670379"}}